*** Start analyzing build configuration ***
Auto-config - Scanning: C:\Users\grigori\Oleg\alu_uvm
Auto-config - VLOG: C:\Users\grigori\Oleg\alu_uvm
Auto-config - Wrote:
    C:\Users\grigori\Oleg\alu_uvm\.dvt\default.build.auto.1
*** List of included argument files ***
    Build configuration file:  C:\Users\grigori\Oleg\alu_uvm\.dvt\default.build
    -f C:\Users\grigori\Oleg\alu_uvm\.dvt\default.build.auto.1
*** List of invocations ***
Invocation #1 +dvt_init+dvt in C:\Users\grigori\Oleg\alu_uvm\.dvt\default.build.auto.1 at line 9
*** Warning: BUILD_CONFIG: $UVM_HOME environment variable not set, falling back to $DVT_UVM_HOME
    at line 11 in C:\Users\grigori\Oleg\alu_uvm\.dvt\default.build.auto.1
*** Done analyzing build configuration [26 ms] ***

*** Start SystemVerilog build ***
*** Invocation #1***
Loading (1) E:\dvt_kit_22.1.16_e419_win__64\dvt_eclipse\predefined_projects\libs\uvm-1.2\src\uvm_pkg.sv ...
Loading (2) E:\dvt_kit_22.1.16_e419_win__64\dvt_eclipse\predefined_projects\libs\uvm-1.2\src\uvm_macros.svh ...
Loading (3) E:\dvt_kit_22.1.16_e419_win__64\dvt_eclipse\predefined_projects\libs\uvm-1.2\src\macros\uvm_version_defines.svh ...
Done E:\dvt_kit_22.1.16_e419_win__64\dvt_eclipse\predefined_projects\libs\uvm-1.2\src\macros\uvm_version_defines.svh [59 ms, 151 lines, SystemVerilog_2012] ...
Loading (4) E:\dvt_kit_22.1.16_e419_win__64\dvt_eclipse\predefined_projects\libs\uvm-1.2\src\macros\uvm_global_defines.svh ...
Done E:\dvt_kit_22.1.16_e419_win__64\dvt_eclipse\predefined_projects\libs\uvm-1.2\src\macros\uvm_global_defines.svh [0 ms, 61 lines, SystemVerilog_2012] ...
Loading (5) E:\dvt_kit_22.1.16_e419_win__64\dvt_eclipse\predefined_projects\libs\uvm-1.2\src\macros\uvm_message_defines.svh ...
Done E:\dvt_kit_22.1.16_e419_win__64\dvt_eclipse\predefined_projects\libs\uvm-1.2\src\macros\uvm_message_defines.svh [0 ms, 539 lines, SystemVerilog_2012] ...
Loading (6) E:\dvt_kit_22.1.16_e419_win__64\dvt_eclipse\predefined_projects\libs\uvm-1.2\src\macros\uvm_phase_defines.svh ...
Done E:\dvt_kit_22.1.16_e419_win__64\dvt_eclipse\predefined_projects\libs\uvm-1.2\src\macros\uvm_phase_defines.svh [0 ms, 130 lines, SystemVerilog_2012] ...
Loading (7) E:\dvt_kit_22.1.16_e419_win__64\dvt_eclipse\predefined_projects\libs\uvm-1.2\src\macros\uvm_object_defines.svh ...
Done E:\dvt_kit_22.1.16_e419_win__64\dvt_eclipse\predefined_projects\libs\uvm-1.2\src\macros\uvm_object_defines.svh [0 ms, 3815 lines, SystemVerilog_2012] ...
Loading (8) E:\dvt_kit_22.1.16_e419_win__64\dvt_eclipse\predefined_projects\libs\uvm-1.2\src\macros\uvm_printer_defines.svh ...
Done E:\dvt_kit_22.1.16_e419_win__64\dvt_eclipse\predefined_projects\libs\uvm-1.2\src\macros\uvm_printer_defines.svh [0 ms, 423 lines, SystemVerilog_2012] ...
Loading (9) E:\dvt_kit_22.1.16_e419_win__64\dvt_eclipse\predefined_projects\libs\uvm-1.2\src\macros\uvm_tlm_defines.svh ...
Loading (10) E:\dvt_kit_22.1.16_e419_win__64\dvt_eclipse\predefined_projects\libs\uvm-1.2\src\tlm1\uvm_tlm_imps.svh ...
Done E:\dvt_kit_22.1.16_e419_win__64\dvt_eclipse\predefined_projects\libs\uvm-1.2\src\tlm1\uvm_tlm_imps.svh [0 ms, 229 lines, SystemVerilog_2012] ...
Done E:\dvt_kit_22.1.16_e419_win__64\dvt_eclipse\predefined_projects\libs\uvm-1.2\src\macros\uvm_tlm_defines.svh [0 ms, 617 lines, SystemVerilog_2012] ...
Loading (11) E:\dvt_kit_22.1.16_e419_win__64\dvt_eclipse\predefined_projects\libs\uvm-1.2\src\macros\uvm_sequence_defines.svh ...
Done E:\dvt_kit_22.1.16_e419_win__64\dvt_eclipse\predefined_projects\libs\uvm-1.2\src\macros\uvm_sequence_defines.svh [0 ms, 456 lines, SystemVerilog_2012] ...
Loading (12) E:\dvt_kit_22.1.16_e419_win__64\dvt_eclipse\predefined_projects\libs\uvm-1.2\src\macros\uvm_callback_defines.svh ...
Done E:\dvt_kit_22.1.16_e419_win__64\dvt_eclipse\predefined_projects\libs\uvm-1.2\src\macros\uvm_callback_defines.svh [0 ms, 301 lines, SystemVerilog_2012] ...
Loading (13) E:\dvt_kit_22.1.16_e419_win__64\dvt_eclipse\predefined_projects\libs\uvm-1.2\src\macros\uvm_reg_defines.svh ...
Done E:\dvt_kit_22.1.16_e419_win__64\dvt_eclipse\predefined_projects\libs\uvm-1.2\src\macros\uvm_reg_defines.svh [0 ms, 69 lines, SystemVerilog_2012] ...
Loading (14) E:\dvt_kit_22.1.16_e419_win__64\dvt_eclipse\predefined_projects\libs\uvm-1.2\src\macros\uvm_deprecated_defines.svh ...
Done E:\dvt_kit_22.1.16_e419_win__64\dvt_eclipse\predefined_projects\libs\uvm-1.2\src\macros\uvm_deprecated_defines.svh [0 ms, 252 lines, SystemVerilog_2012] ...
Done E:\dvt_kit_22.1.16_e419_win__64\dvt_eclipse\predefined_projects\libs\uvm-1.2\src\uvm_macros.svh [0 ms, 82 lines, SystemVerilog_2012] ...
Loading (15) E:\dvt_kit_22.1.16_e419_win__64\dvt_eclipse\predefined_projects\libs\uvm-1.2\src\dpi\uvm_dpi.svh ...
Loading (16) E:\dvt_kit_22.1.16_e419_win__64\dvt_eclipse\predefined_projects\libs\uvm-1.2\src\dpi\uvm_hdl.svh ...
Done E:\dvt_kit_22.1.16_e419_win__64\dvt_eclipse\predefined_projects\libs\uvm-1.2\src\dpi\uvm_hdl.svh [1 ms, 164 lines, SystemVerilog_2012] ...
Loading (17) E:\dvt_kit_22.1.16_e419_win__64\dvt_eclipse\predefined_projects\libs\uvm-1.2\src\dpi\uvm_svcmd_dpi.svh ...
Done E:\dvt_kit_22.1.16_e419_win__64\dvt_eclipse\predefined_projects\libs\uvm-1.2\src\dpi\uvm_svcmd_dpi.svh [0 ms, 66 lines, SystemVerilog_2012] ...
Loading (18) E:\dvt_kit_22.1.16_e419_win__64\dvt_eclipse\predefined_projects\libs\uvm-1.2\src\dpi\uvm_regex.svh ...
Done E:\dvt_kit_22.1.16_e419_win__64\dvt_eclipse\predefined_projects\libs\uvm-1.2\src\dpi\uvm_regex.svh [0 ms, 89 lines, SystemVerilog_2012] ...
Done E:\dvt_kit_22.1.16_e419_win__64\dvt_eclipse\predefined_projects\libs\uvm-1.2\src\dpi\uvm_dpi.svh [0 ms, 44 lines, SystemVerilog_2012] ...
Loading (19) E:\dvt_kit_22.1.16_e419_win__64\dvt_eclipse\predefined_projects\libs\uvm-1.2\src\base\uvm_base.svh ...
Loading (20) E:\dvt_kit_22.1.16_e419_win__64\dvt_eclipse\predefined_projects\libs\uvm-1.2\src\base\uvm_coreservice.svh ...
Done E:\dvt_kit_22.1.16_e419_win__64\dvt_eclipse\predefined_projects\libs\uvm-1.2\src\base\uvm_coreservice.svh [1 ms, 224 lines, SystemVerilog_2012] ...
Loading (21) E:\dvt_kit_22.1.16_e419_win__64\dvt_eclipse\predefined_projects\libs\uvm-1.2\src\base\uvm_version.svh ...
Done E:\dvt_kit_22.1.16_e419_win__64\dvt_eclipse\predefined_projects\libs\uvm-1.2\src\base\uvm_version.svh [0 ms, 39 lines, SystemVerilog_2012] ...
Loading (22) E:\dvt_kit_22.1.16_e419_win__64\dvt_eclipse\predefined_projects\libs\uvm-1.2\src\base\uvm_object_globals.svh ...
Done E:\dvt_kit_22.1.16_e419_win__64\dvt_eclipse\predefined_projects\libs\uvm-1.2\src\base\uvm_object_globals.svh [2 ms, 658 lines, SystemVerilog_2012] ...
Loading (23) E:\dvt_kit_22.1.16_e419_win__64\dvt_eclipse\predefined_projects\libs\uvm-1.2\src\base\uvm_misc.svh ...
Done E:\dvt_kit_22.1.16_e419_win__64\dvt_eclipse\predefined_projects\libs\uvm-1.2\src\base\uvm_misc.svh [4 ms, 754 lines, SystemVerilog_2012] ...
Loading (24) E:\dvt_kit_22.1.16_e419_win__64\dvt_eclipse\predefined_projects\libs\uvm-1.2\src\base\uvm_object.svh ...
Done E:\dvt_kit_22.1.16_e419_win__64\dvt_eclipse\predefined_projects\libs\uvm-1.2\src\base\uvm_object.svh [3 ms, 1331 lines, SystemVerilog_2012] ...
Loading (25) E:\dvt_kit_22.1.16_e419_win__64\dvt_eclipse\predefined_projects\libs\uvm-1.2\src\base\uvm_pool.svh ...
Done E:\dvt_kit_22.1.16_e419_win__64\dvt_eclipse\predefined_projects\libs\uvm-1.2\src\base\uvm_pool.svh [1 ms, 348 lines, SystemVerilog_2012] ...
Loading (26) E:\dvt_kit_22.1.16_e419_win__64\dvt_eclipse\predefined_projects\libs\uvm-1.2\src\base\uvm_queue.svh ...
Done E:\dvt_kit_22.1.16_e419_win__64\dvt_eclipse\predefined_projects\libs\uvm-1.2\src\base\uvm_queue.svh [0 ms, 204 lines, SystemVerilog_2012] ...
Loading (27) E:\dvt_kit_22.1.16_e419_win__64\dvt_eclipse\predefined_projects\libs\uvm-1.2\src\base\uvm_factory.svh ...
Done E:\dvt_kit_22.1.16_e419_win__64\dvt_eclipse\predefined_projects\libs\uvm-1.2\src\base\uvm_factory.svh [7 ms, 1790 lines, SystemVerilog_2012] ...
Loading (28) E:\dvt_kit_22.1.16_e419_win__64\dvt_eclipse\predefined_projects\libs\uvm-1.2\src\base\uvm_registry.svh ...
Done E:\dvt_kit_22.1.16_e419_win__64\dvt_eclipse\predefined_projects\libs\uvm-1.2\src\base\uvm_registry.svh [2 ms, 381 lines, SystemVerilog_2012] ...
Loading (29) E:\dvt_kit_22.1.16_e419_win__64\dvt_eclipse\predefined_projects\libs\uvm-1.2\src\base\uvm_spell_chkr.svh ...
Done E:\dvt_kit_22.1.16_e419_win__64\dvt_eclipse\predefined_projects\libs\uvm-1.2\src\base\uvm_spell_chkr.svh [0 ms, 204 lines, SystemVerilog_2012] ...
Loading (30) E:\dvt_kit_22.1.16_e419_win__64\dvt_eclipse\predefined_projects\libs\uvm-1.2\src\base\uvm_resource.svh ...
Done E:\dvt_kit_22.1.16_e419_win__64\dvt_eclipse\predefined_projects\libs\uvm-1.2\src\base\uvm_resource.svh [5 ms, 1695 lines, SystemVerilog_2012] ...
Loading (31) E:\dvt_kit_22.1.16_e419_win__64\dvt_eclipse\predefined_projects\libs\uvm-1.2\src\base\uvm_resource_specializations.svh ...
Done E:\dvt_kit_22.1.16_e419_win__64\dvt_eclipse\predefined_projects\libs\uvm-1.2\src\base\uvm_resource_specializations.svh [2 ms, 171 lines, SystemVerilog_2012] ...
Loading (32) E:\dvt_kit_22.1.16_e419_win__64\dvt_eclipse\predefined_projects\libs\uvm-1.2\src\base\uvm_resource_db.svh ...
Done E:\dvt_kit_22.1.16_e419_win__64\dvt_eclipse\predefined_projects\libs\uvm-1.2\src\base\uvm_resource_db.svh [1 ms, 400 lines, SystemVerilog_2012] ...
Loading (33) E:\dvt_kit_22.1.16_e419_win__64\dvt_eclipse\predefined_projects\libs\uvm-1.2\src\base\uvm_config_db.svh ...
Done E:\dvt_kit_22.1.16_e419_win__64\dvt_eclipse\predefined_projects\libs\uvm-1.2\src\base\uvm_config_db.svh [2 ms, 411 lines, SystemVerilog_2012] ...
Loading (34) E:\dvt_kit_22.1.16_e419_win__64\dvt_eclipse\predefined_projects\libs\uvm-1.2\src\base\uvm_printer.svh ...
Done E:\dvt_kit_22.1.16_e419_win__64\dvt_eclipse\predefined_projects\libs\uvm-1.2\src\base\uvm_printer.svh [3 ms, 1232 lines, SystemVerilog_2012] ...
Loading (35) E:\dvt_kit_22.1.16_e419_win__64\dvt_eclipse\predefined_projects\libs\uvm-1.2\src\base\uvm_comparer.svh ...
Done E:\dvt_kit_22.1.16_e419_win__64\dvt_eclipse\predefined_projects\libs\uvm-1.2\src\base\uvm_comparer.svh [2 ms, 423 lines, SystemVerilog_2012] ...
Loading (36) E:\dvt_kit_22.1.16_e419_win__64\dvt_eclipse\predefined_projects\libs\uvm-1.2\src\base\uvm_packer.svh ...
Done E:\dvt_kit_22.1.16_e419_win__64\dvt_eclipse\predefined_projects\libs\uvm-1.2\src\base\uvm_packer.svh [4 ms, 1038 lines, SystemVerilog_2012] ...
Loading (37) E:\dvt_kit_22.1.16_e419_win__64\dvt_eclipse\predefined_projects\libs\uvm-1.2\src\base\uvm_links.svh ...
Done E:\dvt_kit_22.1.16_e419_win__64\dvt_eclipse\predefined_projects\libs\uvm-1.2\src\base\uvm_links.svh [1 ms, 371 lines, SystemVerilog_2012] ...
Loading (38) E:\dvt_kit_22.1.16_e419_win__64\dvt_eclipse\predefined_projects\libs\uvm-1.2\src\base\uvm_tr_database.svh ...
Done E:\dvt_kit_22.1.16_e419_win__64\dvt_eclipse\predefined_projects\libs\uvm-1.2\src\base\uvm_tr_database.svh [2 ms, 433 lines, SystemVerilog_2012] ...
Loading (39) E:\dvt_kit_22.1.16_e419_win__64\dvt_eclipse\predefined_projects\libs\uvm-1.2\src\base\uvm_tr_stream.svh ...
Done E:\dvt_kit_22.1.16_e419_win__64\dvt_eclipse\predefined_projects\libs\uvm-1.2\src\base\uvm_tr_stream.svh [31 ms, 592 lines, SystemVerilog_2012] ...
Loading (40) E:\dvt_kit_22.1.16_e419_win__64\dvt_eclipse\predefined_projects\libs\uvm-1.2\src\base\uvm_recorder.svh ...
Done E:\dvt_kit_22.1.16_e419_win__64\dvt_eclipse\predefined_projects\libs\uvm-1.2\src\base\uvm_recorder.svh [3 ms, 1141 lines, SystemVerilog_2012] ...
Loading (41) E:\dvt_kit_22.1.16_e419_win__64\dvt_eclipse\predefined_projects\libs\uvm-1.2\src\base\uvm_event_callback.svh ...
Done E:\dvt_kit_22.1.16_e419_win__64\dvt_eclipse\predefined_projects\libs\uvm-1.2\src\base\uvm_event_callback.svh [0 ms, 91 lines, SystemVerilog_2012] ...
Loading (42) E:\dvt_kit_22.1.16_e419_win__64\dvt_eclipse\predefined_projects\libs\uvm-1.2\src\base\uvm_event.svh ...
Done E:\dvt_kit_22.1.16_e419_win__64\dvt_eclipse\predefined_projects\libs\uvm-1.2\src\base\uvm_event.svh [1 ms, 395 lines, SystemVerilog_2012] ...
Loading (43) E:\dvt_kit_22.1.16_e419_win__64\dvt_eclipse\predefined_projects\libs\uvm-1.2\src\base\uvm_barrier.svh ...
Done E:\dvt_kit_22.1.16_e419_win__64\dvt_eclipse\predefined_projects\libs\uvm-1.2\src\base\uvm_barrier.svh [1 ms, 210 lines, SystemVerilog_2012] ...
Loading (44) E:\dvt_kit_22.1.16_e419_win__64\dvt_eclipse\predefined_projects\libs\uvm-1.2\src\base\uvm_callback.svh ...
Loading (45) E:\dvt_kit_22.1.16_e419_win__64\dvt_eclipse\predefined_projects\libs\uvm-1.2\src\uvm_macros.svh ...
Done E:\dvt_kit_22.1.16_e419_win__64\dvt_eclipse\predefined_projects\libs\uvm-1.2\src\uvm_macros.svh [0 ms, 82 lines, SystemVerilog_2012] ...
Done E:\dvt_kit_22.1.16_e419_win__64\dvt_eclipse\predefined_projects\libs\uvm-1.2\src\base\uvm_callback.svh [6 ms, 1199 lines, SystemVerilog_2012] ...
Loading (46) E:\dvt_kit_22.1.16_e419_win__64\dvt_eclipse\predefined_projects\libs\uvm-1.2\src\base\uvm_report_message.svh ...
Done E:\dvt_kit_22.1.16_e419_win__64\dvt_eclipse\predefined_projects\libs\uvm-1.2\src\base\uvm_report_message.svh [3 ms, 940 lines, SystemVerilog_2012] ...
Loading (47) E:\dvt_kit_22.1.16_e419_win__64\dvt_eclipse\predefined_projects\libs\uvm-1.2\src\base\uvm_report_catcher.svh ...
Done E:\dvt_kit_22.1.16_e419_win__64\dvt_eclipse\predefined_projects\libs\uvm-1.2\src\base\uvm_report_catcher.svh [2 ms, 713 lines, SystemVerilog_2012] ...
Loading (48) E:\dvt_kit_22.1.16_e419_win__64\dvt_eclipse\predefined_projects\libs\uvm-1.2\src\base\uvm_report_server.svh ...
Done E:\dvt_kit_22.1.16_e419_win__64\dvt_eclipse\predefined_projects\libs\uvm-1.2\src\base\uvm_report_server.svh [3 ms, 923 lines, SystemVerilog_2012] ...
Loading (49) E:\dvt_kit_22.1.16_e419_win__64\dvt_eclipse\predefined_projects\libs\uvm-1.2\src\base\uvm_report_handler.svh ...
Done E:\dvt_kit_22.1.16_e419_win__64\dvt_eclipse\predefined_projects\libs\uvm-1.2\src\base\uvm_report_handler.svh [5 ms, 801 lines, SystemVerilog_2012] ...
Loading (50) E:\dvt_kit_22.1.16_e419_win__64\dvt_eclipse\predefined_projects\libs\uvm-1.2\src\base\uvm_report_object.svh ...
Done E:\dvt_kit_22.1.16_e419_win__64\dvt_eclipse\predefined_projects\libs\uvm-1.2\src\base\uvm_report_object.svh [1 ms, 660 lines, SystemVerilog_2012] ...
Loading (51) E:\dvt_kit_22.1.16_e419_win__64\dvt_eclipse\predefined_projects\libs\uvm-1.2\src\base\uvm_transaction.svh ...
Done E:\dvt_kit_22.1.16_e419_win__64\dvt_eclipse\predefined_projects\libs\uvm-1.2\src\base\uvm_transaction.svh [2 ms, 781 lines, SystemVerilog_2012] ...
Loading (52) E:\dvt_kit_22.1.16_e419_win__64\dvt_eclipse\predefined_projects\libs\uvm-1.2\src\base\uvm_phase.svh ...
Done E:\dvt_kit_22.1.16_e419_win__64\dvt_eclipse\predefined_projects\libs\uvm-1.2\src\base\uvm_phase.svh [10 ms, 2254 lines, SystemVerilog_2012] ...
Loading (53) E:\dvt_kit_22.1.16_e419_win__64\dvt_eclipse\predefined_projects\libs\uvm-1.2\src\base\uvm_domain.svh ...
Done E:\dvt_kit_22.1.16_e419_win__64\dvt_eclipse\predefined_projects\libs\uvm-1.2\src\base\uvm_domain.svh [1 ms, 219 lines, SystemVerilog_2012] ...
Loading (54) E:\dvt_kit_22.1.16_e419_win__64\dvt_eclipse\predefined_projects\libs\uvm-1.2\src\base\uvm_bottomup_phase.svh ...
Done E:\dvt_kit_22.1.16_e419_win__64\dvt_eclipse\predefined_projects\libs\uvm-1.2\src\base\uvm_bottomup_phase.svh [1 ms, 113 lines, SystemVerilog_2012] ...
Loading (55) E:\dvt_kit_22.1.16_e419_win__64\dvt_eclipse\predefined_projects\libs\uvm-1.2\src\base\uvm_topdown_phase.svh ...
Done E:\dvt_kit_22.1.16_e419_win__64\dvt_eclipse\predefined_projects\libs\uvm-1.2\src\base\uvm_topdown_phase.svh [0 ms, 115 lines, SystemVerilog_2012] ...
Loading (56) E:\dvt_kit_22.1.16_e419_win__64\dvt_eclipse\predefined_projects\libs\uvm-1.2\src\base\uvm_task_phase.svh ...
Done E:\dvt_kit_22.1.16_e419_win__64\dvt_eclipse\predefined_projects\libs\uvm-1.2\src\base\uvm_task_phase.svh [1 ms, 162 lines, SystemVerilog_2012] ...
Loading (57) E:\dvt_kit_22.1.16_e419_win__64\dvt_eclipse\predefined_projects\libs\uvm-1.2\src\base\uvm_common_phases.svh ...
Done E:\dvt_kit_22.1.16_e419_win__64\dvt_eclipse\predefined_projects\libs\uvm-1.2\src\base\uvm_common_phases.svh [1 ms, 452 lines, SystemVerilog_2012] ...
Loading (58) E:\dvt_kit_22.1.16_e419_win__64\dvt_eclipse\predefined_projects\libs\uvm-1.2\src\base\uvm_runtime_phases.svh ...
Done E:\dvt_kit_22.1.16_e419_win__64\dvt_eclipse\predefined_projects\libs\uvm-1.2\src\base\uvm_runtime_phases.svh [1 ms, 556 lines, SystemVerilog_2012] ...
Loading (59) E:\dvt_kit_22.1.16_e419_win__64\dvt_eclipse\predefined_projects\libs\uvm-1.2\src\base\uvm_component.svh ...
Loading (60) E:\dvt_kit_22.1.16_e419_win__64\dvt_eclipse\predefined_projects\libs\uvm-1.2\src\base\uvm_root.svh ...
Done E:\dvt_kit_22.1.16_e419_win__64\dvt_eclipse\predefined_projects\libs\uvm-1.2\src\base\uvm_root.svh [7 ms, 1073 lines, SystemVerilog_2012] ...
Done E:\dvt_kit_22.1.16_e419_win__64\dvt_eclipse\predefined_projects\libs\uvm-1.2\src\base\uvm_component.svh [41 ms, 3639 lines, SystemVerilog_2012] ...
Loading (61) E:\dvt_kit_22.1.16_e419_win__64\dvt_eclipse\predefined_projects\libs\uvm-1.2\src\base\uvm_objection.svh ...
Done E:\dvt_kit_22.1.16_e419_win__64\dvt_eclipse\predefined_projects\libs\uvm-1.2\src\base\uvm_objection.svh [5 ms, 1454 lines, SystemVerilog_2012] ...
Loading (62) E:\dvt_kit_22.1.16_e419_win__64\dvt_eclipse\predefined_projects\libs\uvm-1.2\src\base\uvm_heartbeat.svh ...
Done E:\dvt_kit_22.1.16_e419_win__64\dvt_eclipse\predefined_projects\libs\uvm-1.2\src\base\uvm_heartbeat.svh [1 ms, 342 lines, SystemVerilog_2012] ...
Loading (63) E:\dvt_kit_22.1.16_e419_win__64\dvt_eclipse\predefined_projects\libs\uvm-1.2\src\base\uvm_globals.svh ...
Done E:\dvt_kit_22.1.16_e419_win__64\dvt_eclipse\predefined_projects\libs\uvm-1.2\src\base\uvm_globals.svh [2 ms, 565 lines, SystemVerilog_2012] ...
Loading (64) E:\dvt_kit_22.1.16_e419_win__64\dvt_eclipse\predefined_projects\libs\uvm-1.2\src\base\uvm_cmdline_processor.svh ...
Done E:\dvt_kit_22.1.16_e419_win__64\dvt_eclipse\predefined_projects\libs\uvm-1.2\src\base\uvm_cmdline_processor.svh [1 ms, 462 lines, SystemVerilog_2012] ...
Loading (65) E:\dvt_kit_22.1.16_e419_win__64\dvt_eclipse\predefined_projects\libs\uvm-1.2\src\base\uvm_traversal.svh ...
Done E:\dvt_kit_22.1.16_e419_win__64\dvt_eclipse\predefined_projects\libs\uvm-1.2\src\base\uvm_traversal.svh [1 ms, 289 lines, SystemVerilog_2012] ...
Done E:\dvt_kit_22.1.16_e419_win__64\dvt_eclipse\predefined_projects\libs\uvm-1.2\src\base\uvm_base.svh [0 ms, 113 lines, SystemVerilog_2012] ...
Loading (66) E:\dvt_kit_22.1.16_e419_win__64\dvt_eclipse\predefined_projects\libs\uvm-1.2\src\dap\uvm_dap.svh ...
Loading (67) E:\dvt_kit_22.1.16_e419_win__64\dvt_eclipse\predefined_projects\libs\uvm-1.2\src\dap\uvm_set_get_dap_base.svh ...
Done E:\dvt_kit_22.1.16_e419_win__64\dvt_eclipse\predefined_projects\libs\uvm-1.2\src\dap\uvm_set_get_dap_base.svh [0 ms, 84 lines, SystemVerilog_2012] ...
Loading (68) E:\dvt_kit_22.1.16_e419_win__64\dvt_eclipse\predefined_projects\libs\uvm-1.2\src\dap\uvm_simple_lock_dap.svh ...
Done E:\dvt_kit_22.1.16_e419_win__64\dvt_eclipse\predefined_projects\libs\uvm-1.2\src\dap\uvm_simple_lock_dap.svh [0 ms, 179 lines, SystemVerilog_2012] ...
Loading (69) E:\dvt_kit_22.1.16_e419_win__64\dvt_eclipse\predefined_projects\libs\uvm-1.2\src\dap\uvm_get_to_lock_dap.svh ...
Done E:\dvt_kit_22.1.16_e419_win__64\dvt_eclipse\predefined_projects\libs\uvm-1.2\src\dap\uvm_get_to_lock_dap.svh [1 ms, 155 lines, SystemVerilog_2012] ...
Loading (70) E:\dvt_kit_22.1.16_e419_win__64\dvt_eclipse\predefined_projects\libs\uvm-1.2\src\dap\uvm_set_before_get_dap.svh ...
Done E:\dvt_kit_22.1.16_e419_win__64\dvt_eclipse\predefined_projects\libs\uvm-1.2\src\dap\uvm_set_before_get_dap.svh [1 ms, 185 lines, SystemVerilog_2012] ...
Done E:\dvt_kit_22.1.16_e419_win__64\dvt_eclipse\predefined_projects\libs\uvm-1.2\src\dap\uvm_dap.svh [0 ms, 35 lines, SystemVerilog_2012] ...
Loading (71) E:\dvt_kit_22.1.16_e419_win__64\dvt_eclipse\predefined_projects\libs\uvm-1.2\src\tlm1\uvm_tlm.svh ...
Loading (72) E:\dvt_kit_22.1.16_e419_win__64\dvt_eclipse\predefined_projects\libs\uvm-1.2\src\tlm1\uvm_tlm_ifs.svh ...
Done E:\dvt_kit_22.1.16_e419_win__64\dvt_eclipse\predefined_projects\libs\uvm-1.2\src\tlm1\uvm_tlm_ifs.svh [0 ms, 219 lines, SystemVerilog_2012] ...
Loading (73) E:\dvt_kit_22.1.16_e419_win__64\dvt_eclipse\predefined_projects\libs\uvm-1.2\src\tlm1\uvm_sqr_ifs.svh ...
Done E:\dvt_kit_22.1.16_e419_win__64\dvt_eclipse\predefined_projects\libs\uvm-1.2\src\tlm1\uvm_sqr_ifs.svh [1 ms, 253 lines, SystemVerilog_2012] ...
Loading (74) E:\dvt_kit_22.1.16_e419_win__64\dvt_eclipse\predefined_projects\libs\uvm-1.2\src\base\uvm_port_base.svh ...
Done E:\dvt_kit_22.1.16_e419_win__64\dvt_eclipse\predefined_projects\libs\uvm-1.2\src\base\uvm_port_base.svh [2 ms, 793 lines, SystemVerilog_2012] ...
Loading (75) E:\dvt_kit_22.1.16_e419_win__64\dvt_eclipse\predefined_projects\libs\uvm-1.2\src\tlm1\uvm_tlm_imps.svh ...
Done E:\dvt_kit_22.1.16_e419_win__64\dvt_eclipse\predefined_projects\libs\uvm-1.2\src\tlm1\uvm_tlm_imps.svh [0 ms, 229 lines, SystemVerilog_2012] ...
Loading (76) E:\dvt_kit_22.1.16_e419_win__64\dvt_eclipse\predefined_projects\libs\uvm-1.2\src\tlm1\uvm_imps.svh ...
Done E:\dvt_kit_22.1.16_e419_win__64\dvt_eclipse\predefined_projects\libs\uvm-1.2\src\tlm1\uvm_imps.svh [4 ms, 317 lines, SystemVerilog_2012] ...
Loading (77) E:\dvt_kit_22.1.16_e419_win__64\dvt_eclipse\predefined_projects\libs\uvm-1.2\src\tlm1\uvm_ports.svh ...
Done E:\dvt_kit_22.1.16_e419_win__64\dvt_eclipse\predefined_projects\libs\uvm-1.2\src\tlm1\uvm_ports.svh [2 ms, 263 lines, SystemVerilog_2012] ...
Loading (78) E:\dvt_kit_22.1.16_e419_win__64\dvt_eclipse\predefined_projects\libs\uvm-1.2\src\tlm1\uvm_exports.svh ...
Done E:\dvt_kit_22.1.16_e419_win__64\dvt_eclipse\predefined_projects\libs\uvm-1.2\src\tlm1\uvm_exports.svh [4 ms, 260 lines, SystemVerilog_2012] ...
Loading (79) E:\dvt_kit_22.1.16_e419_win__64\dvt_eclipse\predefined_projects\libs\uvm-1.2\src\tlm1\uvm_analysis_port.svh ...
Done E:\dvt_kit_22.1.16_e419_win__64\dvt_eclipse\predefined_projects\libs\uvm-1.2\src\tlm1\uvm_analysis_port.svh [1 ms, 156 lines, SystemVerilog_2012] ...
Loading (80) E:\dvt_kit_22.1.16_e419_win__64\dvt_eclipse\predefined_projects\libs\uvm-1.2\src\tlm1\uvm_tlm_fifo_base.svh ...
Done E:\dvt_kit_22.1.16_e419_win__64\dvt_eclipse\predefined_projects\libs\uvm-1.2\src\tlm1\uvm_tlm_fifo_base.svh [0 ms, 253 lines, SystemVerilog_2012] ...
Loading (81) E:\dvt_kit_22.1.16_e419_win__64\dvt_eclipse\predefined_projects\libs\uvm-1.2\src\tlm1\uvm_tlm_fifos.svh ...
Done E:\dvt_kit_22.1.16_e419_win__64\dvt_eclipse\predefined_projects\libs\uvm-1.2\src\tlm1\uvm_tlm_fifos.svh [1 ms, 239 lines, SystemVerilog_2012] ...
Loading (82) E:\dvt_kit_22.1.16_e419_win__64\dvt_eclipse\predefined_projects\libs\uvm-1.2\src\tlm1\uvm_tlm_req_rsp.svh ...
Done E:\dvt_kit_22.1.16_e419_win__64\dvt_eclipse\predefined_projects\libs\uvm-1.2\src\tlm1\uvm_tlm_req_rsp.svh [1 ms, 349 lines, SystemVerilog_2012] ...
Loading (83) E:\dvt_kit_22.1.16_e419_win__64\dvt_eclipse\predefined_projects\libs\uvm-1.2\src\tlm1\uvm_sqr_connections.svh ...
Done E:\dvt_kit_22.1.16_e419_win__64\dvt_eclipse\predefined_projects\libs\uvm-1.2\src\tlm1\uvm_sqr_connections.svh [0 ms, 84 lines, SystemVerilog_2012] ...
Done E:\dvt_kit_22.1.16_e419_win__64\dvt_eclipse\predefined_projects\libs\uvm-1.2\src\tlm1\uvm_tlm.svh [0 ms, 40 lines, SystemVerilog_2012] ...
Loading (84) E:\dvt_kit_22.1.16_e419_win__64\dvt_eclipse\predefined_projects\libs\uvm-1.2\src\comps\uvm_comps.svh ...
Loading (85) E:\dvt_kit_22.1.16_e419_win__64\dvt_eclipse\predefined_projects\libs\uvm-1.2\src\comps\uvm_pair.svh ...
Done E:\dvt_kit_22.1.16_e419_win__64\dvt_eclipse\predefined_projects\libs\uvm-1.2\src\comps\uvm_pair.svh [2 ms, 171 lines, SystemVerilog_2012] ...
Loading (86) E:\dvt_kit_22.1.16_e419_win__64\dvt_eclipse\predefined_projects\libs\uvm-1.2\src\comps\uvm_policies.svh ...
Done E:\dvt_kit_22.1.16_e419_win__64\dvt_eclipse\predefined_projects\libs\uvm-1.2\src\comps\uvm_policies.svh [0 ms, 142 lines, SystemVerilog_2012] ...
Loading (87) E:\dvt_kit_22.1.16_e419_win__64\dvt_eclipse\predefined_projects\libs\uvm-1.2\src\comps\uvm_in_order_comparator.svh ...
Done E:\dvt_kit_22.1.16_e419_win__64\dvt_eclipse\predefined_projects\libs\uvm-1.2\src\comps\uvm_in_order_comparator.svh [1 ms, 260 lines, SystemVerilog_2012] ...
Loading (88) E:\dvt_kit_22.1.16_e419_win__64\dvt_eclipse\predefined_projects\libs\uvm-1.2\src\comps\uvm_algorithmic_comparator.svh ...
Done E:\dvt_kit_22.1.16_e419_win__64\dvt_eclipse\predefined_projects\libs\uvm-1.2\src\comps\uvm_algorithmic_comparator.svh [0 ms, 135 lines, SystemVerilog_2012] ...
Loading (89) E:\dvt_kit_22.1.16_e419_win__64\dvt_eclipse\predefined_projects\libs\uvm-1.2\src\comps\uvm_random_stimulus.svh ...
Done E:\dvt_kit_22.1.16_e419_win__64\dvt_eclipse\predefined_projects\libs\uvm-1.2\src\comps\uvm_random_stimulus.svh [0 ms, 132 lines, SystemVerilog_2012] ...
Loading (90) E:\dvt_kit_22.1.16_e419_win__64\dvt_eclipse\predefined_projects\libs\uvm-1.2\src\comps\uvm_subscriber.svh ...
Done E:\dvt_kit_22.1.16_e419_win__64\dvt_eclipse\predefined_projects\libs\uvm-1.2\src\comps\uvm_subscriber.svh [0 ms, 68 lines, SystemVerilog_2012] ...
Loading (91) E:\dvt_kit_22.1.16_e419_win__64\dvt_eclipse\predefined_projects\libs\uvm-1.2\src\comps\uvm_monitor.svh ...
Done E:\dvt_kit_22.1.16_e419_win__64\dvt_eclipse\predefined_projects\libs\uvm-1.2\src\comps\uvm_monitor.svh [0 ms, 54 lines, SystemVerilog_2012] ...
Loading (92) E:\dvt_kit_22.1.16_e419_win__64\dvt_eclipse\predefined_projects\libs\uvm-1.2\src\comps\uvm_driver.svh ...
Done E:\dvt_kit_22.1.16_e419_win__64\dvt_eclipse\predefined_projects\libs\uvm-1.2\src\comps\uvm_driver.svh [1 ms, 89 lines, SystemVerilog_2012] ...
Loading (93) E:\dvt_kit_22.1.16_e419_win__64\dvt_eclipse\predefined_projects\libs\uvm-1.2\src\comps\uvm_push_driver.svh ...
Done E:\dvt_kit_22.1.16_e419_win__64\dvt_eclipse\predefined_projects\libs\uvm-1.2\src\comps\uvm_push_driver.svh [0 ms, 97 lines, SystemVerilog_2012] ...
Loading (94) E:\dvt_kit_22.1.16_e419_win__64\dvt_eclipse\predefined_projects\libs\uvm-1.2\src\comps\uvm_scoreboard.svh ...
Done E:\dvt_kit_22.1.16_e419_win__64\dvt_eclipse\predefined_projects\libs\uvm-1.2\src\comps\uvm_scoreboard.svh [0 ms, 56 lines, SystemVerilog_2012] ...
Loading (95) E:\dvt_kit_22.1.16_e419_win__64\dvt_eclipse\predefined_projects\libs\uvm-1.2\src\comps\uvm_agent.svh ...
Done E:\dvt_kit_22.1.16_e419_win__64\dvt_eclipse\predefined_projects\libs\uvm-1.2\src\comps\uvm_agent.svh [0 ms, 136 lines, SystemVerilog_2012] ...
Loading (96) E:\dvt_kit_22.1.16_e419_win__64\dvt_eclipse\predefined_projects\libs\uvm-1.2\src\comps\uvm_env.svh ...
Done E:\dvt_kit_22.1.16_e419_win__64\dvt_eclipse\predefined_projects\libs\uvm-1.2\src\comps\uvm_env.svh [0 ms, 54 lines, SystemVerilog_2012] ...
Loading (97) E:\dvt_kit_22.1.16_e419_win__64\dvt_eclipse\predefined_projects\libs\uvm-1.2\src\comps\uvm_test.svh ...
Done E:\dvt_kit_22.1.16_e419_win__64\dvt_eclipse\predefined_projects\libs\uvm-1.2\src\comps\uvm_test.svh [64 ms, 82 lines, SystemVerilog_2012] ...
Done E:\dvt_kit_22.1.16_e419_win__64\dvt_eclipse\predefined_projects\libs\uvm-1.2\src\comps\uvm_comps.svh [0 ms, 37 lines, SystemVerilog_2012] ...
Loading (98) E:\dvt_kit_22.1.16_e419_win__64\dvt_eclipse\predefined_projects\libs\uvm-1.2\src\seq\uvm_seq.svh ...
Loading (99) E:\dvt_kit_22.1.16_e419_win__64\dvt_eclipse\predefined_projects\libs\uvm-1.2\src\seq\uvm_sequence_item.svh ...
Done E:\dvt_kit_22.1.16_e419_win__64\dvt_eclipse\predefined_projects\libs\uvm-1.2\src\seq\uvm_sequence_item.svh [2 ms, 498 lines, SystemVerilog_2012] ...
Loading (100) E:\dvt_kit_22.1.16_e419_win__64\dvt_eclipse\predefined_projects\libs\uvm-1.2\src\seq\uvm_sequencer_base.svh ...
Done E:\dvt_kit_22.1.16_e419_win__64\dvt_eclipse\predefined_projects\libs\uvm-1.2\src\seq\uvm_sequencer_base.svh [7 ms, 1775 lines, SystemVerilog_2012] ...
Loading (101) E:\dvt_kit_22.1.16_e419_win__64\dvt_eclipse\predefined_projects\libs\uvm-1.2\src\seq\uvm_sequencer_analysis_fifo.svh ...
Done E:\dvt_kit_22.1.16_e419_win__64\dvt_eclipse\predefined_projects\libs\uvm-1.2\src\seq\uvm_sequencer_analysis_fifo.svh [0 ms, 39 lines, SystemVerilog_2012] ...
Loading (102) E:\dvt_kit_22.1.16_e419_win__64\dvt_eclipse\predefined_projects\libs\uvm-1.2\src\seq\uvm_sequencer_param_base.svh ...
Done E:\dvt_kit_22.1.16_e419_win__64\dvt_eclipse\predefined_projects\libs\uvm-1.2\src\seq\uvm_sequencer_param_base.svh [2 ms, 460 lines, SystemVerilog_2012] ...
Loading (103) E:\dvt_kit_22.1.16_e419_win__64\dvt_eclipse\predefined_projects\libs\uvm-1.2\src\seq\uvm_sequencer.svh ...
Done E:\dvt_kit_22.1.16_e419_win__64\dvt_eclipse\predefined_projects\libs\uvm-1.2\src\seq\uvm_sequencer.svh [1 ms, 347 lines, SystemVerilog_2012] ...
Loading (104) E:\dvt_kit_22.1.16_e419_win__64\dvt_eclipse\predefined_projects\libs\uvm-1.2\src\seq\uvm_push_sequencer.svh ...
Done E:\dvt_kit_22.1.16_e419_win__64\dvt_eclipse\predefined_projects\libs\uvm-1.2\src\seq\uvm_push_sequencer.svh [0 ms, 85 lines, SystemVerilog_2012] ...
Loading (105) E:\dvt_kit_22.1.16_e419_win__64\dvt_eclipse\predefined_projects\libs\uvm-1.2\src\seq\uvm_sequence_base.svh ...
Done E:\dvt_kit_22.1.16_e419_win__64\dvt_eclipse\predefined_projects\libs\uvm-1.2\src\seq\uvm_sequence_base.svh [4 ms, 1405 lines, SystemVerilog_2012] ...
Loading (106) E:\dvt_kit_22.1.16_e419_win__64\dvt_eclipse\predefined_projects\libs\uvm-1.2\src\seq\uvm_sequence.svh ...
Done E:\dvt_kit_22.1.16_e419_win__64\dvt_eclipse\predefined_projects\libs\uvm-1.2\src\seq\uvm_sequence.svh [0 ms, 148 lines, SystemVerilog_2012] ...
Loading (107) E:\dvt_kit_22.1.16_e419_win__64\dvt_eclipse\predefined_projects\libs\uvm-1.2\src\seq\uvm_sequence_library.svh ...
Done E:\dvt_kit_22.1.16_e419_win__64\dvt_eclipse\predefined_projects\libs\uvm-1.2\src\seq\uvm_sequence_library.svh [5 ms, 813 lines, SystemVerilog_2012] ...
Loading (108) E:\dvt_kit_22.1.16_e419_win__64\dvt_eclipse\predefined_projects\libs\uvm-1.2\src\seq\uvm_sequence_builtin.svh ...
Done E:\dvt_kit_22.1.16_e419_win__64\dvt_eclipse\predefined_projects\libs\uvm-1.2\src\seq\uvm_sequence_builtin.svh [2 ms, 301 lines, SystemVerilog_2012] ...
Done E:\dvt_kit_22.1.16_e419_win__64\dvt_eclipse\predefined_projects\libs\uvm-1.2\src\seq\uvm_seq.svh [0 ms, 40 lines, SystemVerilog_2012] ...
Loading (109) E:\dvt_kit_22.1.16_e419_win__64\dvt_eclipse\predefined_projects\libs\uvm-1.2\src\tlm2\uvm_tlm2.svh ...
Loading (110) E:\dvt_kit_22.1.16_e419_win__64\dvt_eclipse\predefined_projects\libs\uvm-1.2\src\tlm2\uvm_tlm2_defines.svh ...
Done E:\dvt_kit_22.1.16_e419_win__64\dvt_eclipse\predefined_projects\libs\uvm-1.2\src\tlm2\uvm_tlm2_defines.svh [0 ms, 45 lines, SystemVerilog_2012] ...
Loading (111) E:\dvt_kit_22.1.16_e419_win__64\dvt_eclipse\predefined_projects\libs\uvm-1.2\src\tlm2\uvm_tlm2_time.svh ...
Done E:\dvt_kit_22.1.16_e419_win__64\dvt_eclipse\predefined_projects\libs\uvm-1.2\src\tlm2\uvm_tlm2_time.svh [1 ms, 333 lines, SystemVerilog_2012] ...
Loading (112) E:\dvt_kit_22.1.16_e419_win__64\dvt_eclipse\predefined_projects\libs\uvm-1.2\src\tlm2\uvm_tlm2_generic_payload.svh ...
Done E:\dvt_kit_22.1.16_e419_win__64\dvt_eclipse\predefined_projects\libs\uvm-1.2\src\tlm2\uvm_tlm2_generic_payload.svh [5 ms, 1053 lines, SystemVerilog_2012] ...
Loading (113) E:\dvt_kit_22.1.16_e419_win__64\dvt_eclipse\predefined_projects\libs\uvm-1.2\src\tlm2\uvm_tlm2_ifs.svh ...
Done E:\dvt_kit_22.1.16_e419_win__64\dvt_eclipse\predefined_projects\libs\uvm-1.2\src\tlm2\uvm_tlm2_ifs.svh [0 ms, 178 lines, SystemVerilog_2012] ...
Loading (114) E:\dvt_kit_22.1.16_e419_win__64\dvt_eclipse\predefined_projects\libs\uvm-1.2\src\tlm2\uvm_tlm2_imps.svh ...
Done E:\dvt_kit_22.1.16_e419_win__64\dvt_eclipse\predefined_projects\libs\uvm-1.2\src\tlm2\uvm_tlm2_imps.svh [1 ms, 203 lines, SystemVerilog_2012] ...
Loading (115) E:\dvt_kit_22.1.16_e419_win__64\dvt_eclipse\predefined_projects\libs\uvm-1.2\src\tlm2\uvm_tlm2_ports.svh ...
Done E:\dvt_kit_22.1.16_e419_win__64\dvt_eclipse\predefined_projects\libs\uvm-1.2\src\tlm2\uvm_tlm2_ports.svh [0 ms, 75 lines, SystemVerilog_2012] ...
Loading (116) E:\dvt_kit_22.1.16_e419_win__64\dvt_eclipse\predefined_projects\libs\uvm-1.2\src\tlm2\uvm_tlm2_exports.svh ...
Done E:\dvt_kit_22.1.16_e419_win__64\dvt_eclipse\predefined_projects\libs\uvm-1.2\src\tlm2\uvm_tlm2_exports.svh [1 ms, 65 lines, SystemVerilog_2012] ...
Loading (117) E:\dvt_kit_22.1.16_e419_win__64\dvt_eclipse\predefined_projects\libs\uvm-1.2\src\tlm2\uvm_tlm2_sockets_base.svh ...
Done E:\dvt_kit_22.1.16_e419_win__64\dvt_eclipse\predefined_projects\libs\uvm-1.2\src\tlm2\uvm_tlm2_sockets_base.svh [2 ms, 195 lines, SystemVerilog_2012] ...
Loading (118) E:\dvt_kit_22.1.16_e419_win__64\dvt_eclipse\predefined_projects\libs\uvm-1.2\src\tlm2\uvm_tlm2_sockets.svh ...
Done E:\dvt_kit_22.1.16_e419_win__64\dvt_eclipse\predefined_projects\libs\uvm-1.2\src\tlm2\uvm_tlm2_sockets.svh [2 ms, 435 lines, SystemVerilog_2012] ...
Done E:\dvt_kit_22.1.16_e419_win__64\dvt_eclipse\predefined_projects\libs\uvm-1.2\src\tlm2\uvm_tlm2.svh [0 ms, 30 lines, SystemVerilog_2012] ...
Loading (119) E:\dvt_kit_22.1.16_e419_win__64\dvt_eclipse\predefined_projects\libs\uvm-1.2\src\reg\uvm_reg_model.svh ...
Loading (120) E:\dvt_kit_22.1.16_e419_win__64\dvt_eclipse\predefined_projects\libs\uvm-1.2\src\reg\uvm_reg_item.svh ...
Done E:\dvt_kit_22.1.16_e419_win__64\dvt_eclipse\predefined_projects\libs\uvm-1.2\src\reg\uvm_reg_item.svh [2 ms, 316 lines, SystemVerilog_2012] ...
Loading (121) E:\dvt_kit_22.1.16_e419_win__64\dvt_eclipse\predefined_projects\libs\uvm-1.2\src\reg\uvm_reg_adapter.svh ...
Done E:\dvt_kit_22.1.16_e419_win__64\dvt_eclipse\predefined_projects\libs\uvm-1.2\src\reg\uvm_reg_adapter.svh [1 ms, 254 lines, SystemVerilog_2012] ...
Loading (122) E:\dvt_kit_22.1.16_e419_win__64\dvt_eclipse\predefined_projects\libs\uvm-1.2\src\reg\uvm_reg_predictor.svh ...
Done E:\dvt_kit_22.1.16_e419_win__64\dvt_eclipse\predefined_projects\libs\uvm-1.2\src\reg\uvm_reg_predictor.svh [1 ms, 265 lines, SystemVerilog_2012] ...
Loading (123) E:\dvt_kit_22.1.16_e419_win__64\dvt_eclipse\predefined_projects\libs\uvm-1.2\src\reg\uvm_reg_sequence.svh ...
Done E:\dvt_kit_22.1.16_e419_win__64\dvt_eclipse\predefined_projects\libs\uvm-1.2\src\reg\uvm_reg_sequence.svh [33 ms, 548 lines, SystemVerilog_2012] ...
Loading (124) E:\dvt_kit_22.1.16_e419_win__64\dvt_eclipse\predefined_projects\libs\uvm-1.2\src\reg\uvm_reg_cbs.svh ...
Done E:\dvt_kit_22.1.16_e419_win__64\dvt_eclipse\predefined_projects\libs\uvm-1.2\src\reg\uvm_reg_cbs.svh [1 ms, 530 lines, SystemVerilog_2012] ...
Loading (125) E:\dvt_kit_22.1.16_e419_win__64\dvt_eclipse\predefined_projects\libs\uvm-1.2\src\reg\uvm_reg_backdoor.svh ...
Done E:\dvt_kit_22.1.16_e419_win__64\dvt_eclipse\predefined_projects\libs\uvm-1.2\src\reg\uvm_reg_backdoor.svh [2 ms, 348 lines, SystemVerilog_2012] ...
Loading (126) E:\dvt_kit_22.1.16_e419_win__64\dvt_eclipse\predefined_projects\libs\uvm-1.2\src\reg\uvm_reg_field.svh ...
Done E:\dvt_kit_22.1.16_e419_win__64\dvt_eclipse\predefined_projects\libs\uvm-1.2\src\reg\uvm_reg_field.svh [8 ms, 2013 lines, SystemVerilog_2012] ...
Loading (127) E:\dvt_kit_22.1.16_e419_win__64\dvt_eclipse\predefined_projects\libs\uvm-1.2\src\reg\uvm_vreg_field.svh ...
Done E:\dvt_kit_22.1.16_e419_win__64\dvt_eclipse\predefined_projects\libs\uvm-1.2\src\reg\uvm_vreg_field.svh [4 ms, 1005 lines, SystemVerilog_2012] ...
Loading (128) E:\dvt_kit_22.1.16_e419_win__64\dvt_eclipse\predefined_projects\libs\uvm-1.2\src\reg\uvm_reg.svh ...
Done E:\dvt_kit_22.1.16_e419_win__64\dvt_eclipse\predefined_projects\libs\uvm-1.2\src\reg\uvm_reg.svh [13 ms, 3102 lines, SystemVerilog_2012] ...
Loading (129) E:\dvt_kit_22.1.16_e419_win__64\dvt_eclipse\predefined_projects\libs\uvm-1.2\src\reg\uvm_reg_indirect.svh ...
Done E:\dvt_kit_22.1.16_e419_win__64\dvt_eclipse\predefined_projects\libs\uvm-1.2\src\reg\uvm_reg_indirect.svh [1 ms, 330 lines, SystemVerilog_2012] ...
Loading (130) E:\dvt_kit_22.1.16_e419_win__64\dvt_eclipse\predefined_projects\libs\uvm-1.2\src\reg\uvm_reg_fifo.svh ...
Done E:\dvt_kit_22.1.16_e419_win__64\dvt_eclipse\predefined_projects\libs\uvm-1.2\src\reg\uvm_reg_fifo.svh [1 ms, 311 lines, SystemVerilog_2012] ...
Loading (131) E:\dvt_kit_22.1.16_e419_win__64\dvt_eclipse\predefined_projects\libs\uvm-1.2\src\reg\uvm_reg_file.svh ...
Done E:\dvt_kit_22.1.16_e419_win__64\dvt_eclipse\predefined_projects\libs\uvm-1.2\src\reg\uvm_reg_file.svh [2 ms, 501 lines, SystemVerilog_2012] ...
Loading (132) E:\dvt_kit_22.1.16_e419_win__64\dvt_eclipse\predefined_projects\libs\uvm-1.2\src\reg\uvm_mem_mam.svh ...
Done E:\dvt_kit_22.1.16_e419_win__64\dvt_eclipse\predefined_projects\libs\uvm-1.2\src\reg\uvm_mem_mam.svh [4 ms, 1019 lines, SystemVerilog_2012] ...
Loading (133) E:\dvt_kit_22.1.16_e419_win__64\dvt_eclipse\predefined_projects\libs\uvm-1.2\src\reg\uvm_vreg.svh ...
Done E:\dvt_kit_22.1.16_e419_win__64\dvt_eclipse\predefined_projects\libs\uvm-1.2\src\reg\uvm_vreg.svh [8 ms, 1554 lines, SystemVerilog_2012] ...
Loading (134) E:\dvt_kit_22.1.16_e419_win__64\dvt_eclipse\predefined_projects\libs\uvm-1.2\src\reg\uvm_mem.svh ...
Done E:\dvt_kit_22.1.16_e419_win__64\dvt_eclipse\predefined_projects\libs\uvm-1.2\src\reg\uvm_mem.svh [11 ms, 2410 lines, SystemVerilog_2012] ...
Loading (135) E:\dvt_kit_22.1.16_e419_win__64\dvt_eclipse\predefined_projects\libs\uvm-1.2\src\reg\uvm_reg_map.svh ...
Done E:\dvt_kit_22.1.16_e419_win__64\dvt_eclipse\predefined_projects\libs\uvm-1.2\src\reg\uvm_reg_map.svh [12 ms, 2225 lines, SystemVerilog_2012] ...
Loading (136) E:\dvt_kit_22.1.16_e419_win__64\dvt_eclipse\predefined_projects\libs\uvm-1.2\src\reg\uvm_reg_block.svh ...
Done E:\dvt_kit_22.1.16_e419_win__64\dvt_eclipse\predefined_projects\libs\uvm-1.2\src\reg\uvm_reg_block.svh [8 ms, 2272 lines, SystemVerilog_2012] ...
Loading (137) E:\dvt_kit_22.1.16_e419_win__64\dvt_eclipse\predefined_projects\libs\uvm-1.2\src\reg\sequences\uvm_reg_hw_reset_seq.svh ...
Done E:\dvt_kit_22.1.16_e419_win__64\dvt_eclipse\predefined_projects\libs\uvm-1.2\src\reg\sequences\uvm_reg_hw_reset_seq.svh [2 ms, 172 lines, SystemVerilog_2012] ...
Loading (138) E:\dvt_kit_22.1.16_e419_win__64\dvt_eclipse\predefined_projects\libs\uvm-1.2\src\reg\sequences\uvm_reg_bit_bash_seq.svh ...
Done E:\dvt_kit_22.1.16_e419_win__64\dvt_eclipse\predefined_projects\libs\uvm-1.2\src\reg\sequences\uvm_reg_bit_bash_seq.svh [2 ms, 303 lines, SystemVerilog_2012] ...
Loading (139) E:\dvt_kit_22.1.16_e419_win__64\dvt_eclipse\predefined_projects\libs\uvm-1.2\src\reg\sequences\uvm_mem_walk_seq.svh ...
Done E:\dvt_kit_22.1.16_e419_win__64\dvt_eclipse\predefined_projects\libs\uvm-1.2\src\reg\sequences\uvm_mem_walk_seq.svh [38 ms, 300 lines, SystemVerilog_2012] ...
Loading (140) E:\dvt_kit_22.1.16_e419_win__64\dvt_eclipse\predefined_projects\libs\uvm-1.2\src\reg\sequences\uvm_mem_access_seq.svh ...
Done E:\dvt_kit_22.1.16_e419_win__64\dvt_eclipse\predefined_projects\libs\uvm-1.2\src\reg\sequences\uvm_mem_access_seq.svh [2 ms, 308 lines, SystemVerilog_2012] ...
Loading (141) E:\dvt_kit_22.1.16_e419_win__64\dvt_eclipse\predefined_projects\libs\uvm-1.2\src\reg\sequences\uvm_reg_access_seq.svh ...
Done E:\dvt_kit_22.1.16_e419_win__64\dvt_eclipse\predefined_projects\libs\uvm-1.2\src\reg\sequences\uvm_reg_access_seq.svh [3 ms, 366 lines, SystemVerilog_2012] ...
Loading (142) E:\dvt_kit_22.1.16_e419_win__64\dvt_eclipse\predefined_projects\libs\uvm-1.2\src\reg\sequences\uvm_reg_mem_shared_access_seq.svh ...
Done E:\dvt_kit_22.1.16_e419_win__64\dvt_eclipse\predefined_projects\libs\uvm-1.2\src\reg\sequences\uvm_reg_mem_shared_access_seq.svh [3 ms, 486 lines, SystemVerilog_2012] ...
Loading (143) E:\dvt_kit_22.1.16_e419_win__64\dvt_eclipse\predefined_projects\libs\uvm-1.2\src\reg\sequences\uvm_reg_mem_built_in_seq.svh ...
Done E:\dvt_kit_22.1.16_e419_win__64\dvt_eclipse\predefined_projects\libs\uvm-1.2\src\reg\sequences\uvm_reg_mem_built_in_seq.svh [1 ms, 139 lines, SystemVerilog_2012] ...
Loading (144) E:\dvt_kit_22.1.16_e419_win__64\dvt_eclipse\predefined_projects\libs\uvm-1.2\src\reg\sequences\uvm_reg_mem_hdl_paths_seq.svh ...
Done E:\dvt_kit_22.1.16_e419_win__64\dvt_eclipse\predefined_projects\libs\uvm-1.2\src\reg\sequences\uvm_reg_mem_hdl_paths_seq.svh [3 ms, 175 lines, SystemVerilog_2012] ...
Done E:\dvt_kit_22.1.16_e419_win__64\dvt_eclipse\predefined_projects\libs\uvm-1.2\src\reg\uvm_reg_model.svh [0 ms, 444 lines, SystemVerilog_2012] ...
Done E:\dvt_kit_22.1.16_e419_win__64\dvt_eclipse\predefined_projects\libs\uvm-1.2\src\uvm_pkg.sv [0 ms, 43 lines, SystemVerilog_2012] ...
Loading (145) C:\Users\grigori\Oleg\alu_uvm\src\tb\alu_pkg.sv ...
Skip (optimized) E:\dvt_kit_22.1.16_e419_win__64\dvt_eclipse\predefined_projects\libs\uvm-1.2\src\uvm_macros.svh ...
Loading (146) C:\Users\grigori\Oleg\alu_uvm\src\tb\test\alu_sequence_item.sv ...
Done C:\Users\grigori\Oleg\alu_uvm\src\tb\test\alu_sequence_item.sv [0 ms, 19 lines, SystemVerilog_2012] ...
Loading (147) C:\Users\grigori\Oleg\alu_uvm\src\tb\test\alu_sequence.sv ...
Done C:\Users\grigori\Oleg\alu_uvm\src\tb\test\alu_sequence.sv [1 ms, 49 lines, SystemVerilog_2012] ...
Loading (148) C:\Users\grigori\Oleg\alu_uvm\src\tb\test\env\agents\agent\alu_sequencer.sv ...
Done C:\Users\grigori\Oleg\alu_uvm\src\tb\test\env\agents\agent\alu_sequencer.sv [0 ms, 23 lines, SystemVerilog_2012] ...
Loading (149) C:\Users\grigori\Oleg\alu_uvm\src\tb\test\env\agents\agent\alu_driver.sv ...
Done C:\Users\grigori\Oleg\alu_uvm\src\tb\test\env\agents\agent\alu_driver.sv [1 ms, 67 lines, SystemVerilog_2012] ...
Loading (150) C:\Users\grigori\Oleg\alu_uvm\src\tb\test\env\agents\agent\alu_monitor.sv ...
Done C:\Users\grigori\Oleg\alu_uvm\src\tb\test\env\agents\agent\alu_monitor.sv [1 ms, 61 lines, SystemVerilog_2012] ...
Loading (151) C:\Users\grigori\Oleg\alu_uvm\src\tb\test\env\agents\agent\alu_agent.sv ...
Done C:\Users\grigori\Oleg\alu_uvm\src\tb\test\env\agents\agent\alu_agent.sv [0 ms, 41 lines, SystemVerilog_2012] ...
Loading (152) C:\Users\grigori\Oleg\alu_uvm\src\tb\test\env\alu_scoreboard.sv ...
Done C:\Users\grigori\Oleg\alu_uvm\src\tb\test\env\alu_scoreboard.sv [2 ms, 92 lines, SystemVerilog_2012] ...
Loading (153) C:\Users\grigori\Oleg\alu_uvm\src\tb\test\env\alu_env.sv ...
Done C:\Users\grigori\Oleg\alu_uvm\src\tb\test\env\alu_env.sv [0 ms, 40 lines, SystemVerilog_2012] ...
Loading (154) C:\Users\grigori\Oleg\alu_uvm\src\tb\test\alu_test.sv ...
Done C:\Users\grigori\Oleg\alu_uvm\src\tb\test\alu_test.sv [1 ms, 53 lines, SystemVerilog_2012] ...
Done C:\Users\grigori\Oleg\alu_uvm\src\tb\alu_pkg.sv [0 ms, 17 lines, SystemVerilog_2012] ...
Loading (155) C:\Users\grigori\Oleg\alu_uvm\src\tb\alu_testbench.sv ...
Skip (optimized) E:\dvt_kit_22.1.16_e419_win__64\dvt_eclipse\predefined_projects\libs\uvm-1.2\src\uvm_macros.svh ...
Done C:\Users\grigori\Oleg\alu_uvm\src\tb\alu_testbench.sv [0 ms, 53 lines, SystemVerilog_2012] ...
Loading (156) C:\Users\grigori\Oleg\alu_uvm\src\tb\alu_interface.sv ...
Done C:\Users\grigori\Oleg\alu_uvm\src\tb\alu_interface.sv [0 ms, 10 lines, SystemVerilog_2012] ...
Loading (157) C:\Users\grigori\Oleg\alu_uvm\src\tb\dut\alu8bit.v ...
Done C:\Users\grigori\Oleg\alu_uvm\src\tb\dut\alu8bit.v [1 ms, 38 lines, Verilog_2001] ...
*** Done invocation #1 [527 ms] ***
*** Done parsing [LT 500.0 ms, PT 527.0 ms] ***
*** Total number of lines [76 362] ***
*** Warning: SYSTEM_VERILOG_2012: Expecting `endif label 'UVM_CMDLINE_PROCESSOR_SV' found 'UVM_CMDLINE_PROC_PKG_SV'
    at line 460 in E:\dvt_kit_22.1.16_e419_win__64\dvt_eclipse\predefined_projects\libs\uvm-1.2\src\base\uvm_cmdline_processor.svh [compile index 1][invocation 1]
Performing post full build actions ...
Performing post full build step 1 (SRI) [0 ms] ...
Performing post full build step 2 (RI) [7 ms] ...
Performing post full build step 3 (RCP) [8 ms] ...
*** Done SystemVerilog build [552 ms] ***

*** Start mixed mode extension build ***
Performing mixed post full build step (VLOG - RI) [7 ms] ...
*** Warning: UNSPECIFIED_TOP: Please specify a -top module/entity/configuration in the project build file
Performing mixed post full build step (MIXED - ELAB) [249 ms] ...
Performing mixed post full build step (MIXED - UNEL) [64 ms] ...
Performing mixed post full build step (VLOG - RD) [10 ms] ...
Performing mixed post full build step (VLOG - FSC) [303 ms] ...
Performing mixed post full build step (VLOG - EV) [190 ms] ...
Performing mixed post full build step (VLOG - ELPC) [62 ms] ...
Performing mixed post full build step (VLOG - US) [62 ms] ...
*** Warning: UNUSED_RETURN_VALUE: The return value of function 'randomize' is not used
    at line 18 in C:\Users\grigori\Oleg\alu_uvm\src\tb\test\alu_sequence.sv [compile index 148]
*** Warning: UNUSED_RETURN_VALUE: The return value of function 'randomize' is not used
    at line 43 in C:\Users\grigori\Oleg\alu_uvm\src\tb\test\alu_sequence.sv [compile index 148]
*** Warning: WIDTH_MISMATCH_PADDING: Assignment to 'value' of '4096-bit' type from 'm_quit_count' of '32-bit' type
    at line 336 in E:\dvt_kit_22.1.16_e419_win__64\dvt_eclipse\predefined_projects\libs\uvm-1.2\src\base\uvm_report_server.svh [compile index 48]
*** Warning: WIDTH_MISMATCH_PADDING: Assignment to 'value' of '4096-bit' type from 'm_max_quit_count' of '32-bit' type
    at line 338 in E:\dvt_kit_22.1.16_e419_win__64\dvt_eclipse\predefined_projects\libs\uvm-1.2\src\base\uvm_report_server.svh [compile index 48]
*** Warning: WIDTH_MISMATCH_PADDING: Assignment to 'value' of '4096-bit' type from 'max_quit_overridable' of '1-bit' type
    at line 340 in E:\dvt_kit_22.1.16_e419_win__64\dvt_eclipse\predefined_projects\libs\uvm-1.2\src\base\uvm_report_server.svh [compile index 48]
*** Warning: WIDTH_MISMATCH_PADDING: Assignment to 'value' of '4096-bit' type from 'm_severity_count[l_severity_co...' of '32-bit' type
    at line 347 in E:\dvt_kit_22.1.16_e419_win__64\dvt_eclipse\predefined_projects\libs\uvm-1.2\src\base\uvm_report_server.svh [compile index 48]
*** Warning: WIDTH_MISMATCH_PADDING: Assignment to 'value' of '4096-bit' type from 'm_id_count[l_id_count_index]' of '32-bit' type
    at line 356 in E:\dvt_kit_22.1.16_e419_win__64\dvt_eclipse\predefined_projects\libs\uvm-1.2\src\base\uvm_report_server.svh [compile index 48]
*** Warning: WIDTH_MISMATCH_PADDING: Assignment to 'value' of '4096-bit' type from 'enable_report_id_count_summary' of '1-bit' type
    at line 361 in E:\dvt_kit_22.1.16_e419_win__64\dvt_eclipse\predefined_projects\libs\uvm-1.2\src\base\uvm_report_server.svh [compile index 48]
*** Warning: WIDTH_MISMATCH_PADDING: Assignment to 'value' of '4096-bit' type from 'record_all_messages' of '1-bit' type
    at line 363 in E:\dvt_kit_22.1.16_e419_win__64\dvt_eclipse\predefined_projects\libs\uvm-1.2\src\base\uvm_report_server.svh [compile index 48]
*** Warning: WIDTH_MISMATCH_PADDING: Assignment to 'value' of '4096-bit' type from 'show_verbosity' of '1-bit' type
    at line 365 in E:\dvt_kit_22.1.16_e419_win__64\dvt_eclipse\predefined_projects\libs\uvm-1.2\src\base\uvm_report_server.svh [compile index 48]
*** Warning: WIDTH_MISMATCH_PADDING: Assignment to 'value' of '4096-bit' type from 'show_terminator' of '1-bit' type
    at line 367 in E:\dvt_kit_22.1.16_e419_win__64\dvt_eclipse\predefined_projects\libs\uvm-1.2\src\base\uvm_report_server.svh [compile index 48]
*** Warning: WIDTH_MISMATCH_TRUNCATION: Assignment to 'report_ok' of '1-bit' type from 'uvm_report_catcher::process_al...' of '32-bit' type
    at line 588 in E:\dvt_kit_22.1.16_e419_win__64\dvt_eclipse\predefined_projects\libs\uvm-1.2\src\base\uvm_report_server.svh [compile index 48]
*** Warning: WIDTH_MISMATCH_TRUNCATION: Assignment to 'replace' of '1-bit' type from 'replace' of '32-bit' type
    at line 789 in E:\dvt_kit_22.1.16_e419_win__64\dvt_eclipse\predefined_projects\libs\uvm-1.2\src\base\uvm_root.svh [compile index 60]
*** Warning: WIDTH_MISMATCH_PADDING: Assignment to 'v' of '4096-bit' type from 'extval.atobin()' of '32-bit' type
    at line 830 in E:\dvt_kit_22.1.16_e419_win__64\dvt_eclipse\predefined_projects\libs\uvm-1.2\src\base\uvm_root.svh [compile index 60]
*** Warning: WIDTH_MISMATCH_PADDING: Assignment to 'v' of '4096-bit' type from 'extval.atobin()' of '32-bit' type
    at line 831 in E:\dvt_kit_22.1.16_e419_win__64\dvt_eclipse\predefined_projects\libs\uvm-1.2\src\base\uvm_root.svh [compile index 60]
*** Warning: WIDTH_MISMATCH_PADDING: Assignment to 'v' of '4096-bit' type from 'extval.atooct()' of '32-bit' type
    at line 832 in E:\dvt_kit_22.1.16_e419_win__64\dvt_eclipse\predefined_projects\libs\uvm-1.2\src\base\uvm_root.svh [compile index 60]
*** Warning: WIDTH_MISMATCH_PADDING: Assignment to 'v' of '4096-bit' type from 'extval.atoi()' of '32-bit' type
    at line 833 in E:\dvt_kit_22.1.16_e419_win__64\dvt_eclipse\predefined_projects\libs\uvm-1.2\src\base\uvm_root.svh [compile index 60]
*** Warning: WIDTH_MISMATCH_PADDING: Assignment to 'v' of '4096-bit' type from 'extval.atohex()' of '32-bit' type
    at line 834 in E:\dvt_kit_22.1.16_e419_win__64\dvt_eclipse\predefined_projects\libs\uvm-1.2\src\base\uvm_root.svh [compile index 60]
*** Warning: WIDTH_MISMATCH_PADDING: Assignment to 'v' of '4096-bit' type from 'extval.atohex()' of '32-bit' type
    at line 835 in E:\dvt_kit_22.1.16_e419_win__64\dvt_eclipse\predefined_projects\libs\uvm-1.2\src\base\uvm_root.svh [compile index 60]
*** Warning: WIDTH_MISMATCH_PADDING: Assignment to 'v' of '4096-bit' type from 'extval.atohex()' of '32-bit' type
    at line 836 in E:\dvt_kit_22.1.16_e419_win__64\dvt_eclipse\predefined_projects\libs\uvm-1.2\src\base\uvm_root.svh [compile index 60]
*** Warning: WIDTH_MISMATCH_PADDING: Assignment to 'v' of '4096-bit' type from 'split_val[2].atoi()' of '32-bit' type
    at line 837 in E:\dvt_kit_22.1.16_e419_win__64\dvt_eclipse\predefined_projects\libs\uvm-1.2\src\base\uvm_root.svh [compile index 60]
*** Warning: WIDTH_MISMATCH_PADDING: Assignment to 'v' of '4096-bit' type from 'split_val[2].atoi()' of '32-bit' type
    at line 841 in E:\dvt_kit_22.1.16_e419_win__64\dvt_eclipse\predefined_projects\libs\uvm-1.2\src\base\uvm_root.svh [compile index 60]
*** Warning: WIDTH_MISMATCH_PADDING: Assignment to 'verbosity' of '32-bit' type from 'UVM_INFO' of '2-bit' type
    at line 3146 in E:\dvt_kit_22.1.16_e419_win__64\dvt_eclipse\predefined_projects\libs\uvm-1.2\src\base\uvm_component.svh [compile index 59]
*** Warning: WIDTH_MISMATCH_PADDING: Assignment to 'verbosity' of '32-bit' type from 'UVM_INFO' of '2-bit' type
    at line 3272 in E:\dvt_kit_22.1.16_e419_win__64\dvt_eclipse\predefined_projects\libs\uvm-1.2\src\base\uvm_component.svh [compile index 59]
*** Warning: WIDTH_MISMATCH_PADDING: Assignment to 'value' of '64-bit' type from 'recording_detail' of '32-bit' type
    at line 3328 in E:\dvt_kit_22.1.16_e419_win__64\dvt_eclipse\predefined_projects\libs\uvm-1.2\src\base\uvm_component.svh [compile index 59]
*** Warning: WIDTH_MISMATCH_PADDING: Assignment to 'value' of '64-bit' type from 'enable_stop_interrupt' of '32-bit' type
    at line 3334 in E:\dvt_kit_22.1.16_e419_win__64\dvt_eclipse\predefined_projects\libs\uvm-1.2\src\base\uvm_component.svh [compile index 59]
*** Warning: WIDTH_MISMATCH_TRUNCATION: Assignment to 'recording_detail' of '32-bit' type from 'value' of '4096-bit' type
    at line 3353 in E:\dvt_kit_22.1.16_e419_win__64\dvt_eclipse\predefined_projects\libs\uvm-1.2\src\base\uvm_component.svh [compile index 59]
*** Warning: WIDTH_MISMATCH_PADDING: Assignment to 'offset' of '64-bit' type from 'args[4].atoi()' of '32-bit' type
    at line 3409 in E:\dvt_kit_22.1.16_e419_win__64\dvt_eclipse\predefined_projects\libs\uvm-1.2\src\base\uvm_component.svh [compile index 59]
*** Warning: WIDTH_MISMATCH_TRUNCATION: Returning 'q.size()' of '32-bit' type for function of '1-bit' return type
    at line 193 in E:\dvt_kit_22.1.16_e419_win__64\dvt_eclipse\predefined_projects\libs\uvm-1.2\src\base\uvm_tr_database.svh [compile index 38]
*** Warning: WIDTH_MISMATCH_TRUNCATION: Assignment to 'lhs' of '64-bit' type from 'lhs' of '4096-bit' type
    at line 151 in E:\dvt_kit_22.1.16_e419_win__64\dvt_eclipse\predefined_projects\libs\uvm-1.2\src\base\uvm_comparer.svh [compile index 35]
*** Warning: WIDTH_MISMATCH_TRUNCATION: Assignment to 'rhs' of '64-bit' type from 'rhs' of '4096-bit' type
    at line 151 in E:\dvt_kit_22.1.16_e419_win__64\dvt_eclipse\predefined_projects\libs\uvm-1.2\src\base\uvm_comparer.svh [compile index 35]
*** Warning: WIDTH_MISMATCH_PADDING: Assignment to 'is_non_null' of '8-bit' type from 'm_bits[count +: 4]' of '4-bit' type
    at line 842 in E:\dvt_kit_22.1.16_e419_win__64\dvt_eclipse\predefined_projects\libs\uvm-1.2\src\base\uvm_packer.svh [compile index 36]
*** Warning: WIDTH_MISMATCH_PADDING: Assignment to 'value' of '64-bit' type from 'threshold' of '32-bit' type
    at line 189 in E:\dvt_kit_22.1.16_e419_win__64\dvt_eclipse\predefined_projects\libs\uvm-1.2\src\base\uvm_barrier.svh [compile index 43]
*** Warning: WIDTH_MISMATCH_PADDING: Assignment to 'value' of '64-bit' type from 'num_waiters' of '32-bit' type
    at line 190 in E:\dvt_kit_22.1.16_e419_win__64\dvt_eclipse\predefined_projects\libs\uvm-1.2\src\base\uvm_barrier.svh [compile index 43]
*** Warning: WIDTH_MISMATCH_PADDING: Assignment to 'value' of '64-bit' type from 'at_threshold' of '1-bit' type
    at line 191 in E:\dvt_kit_22.1.16_e419_win__64\dvt_eclipse\predefined_projects\libs\uvm-1.2\src\base\uvm_barrier.svh [compile index 43]
*** Warning: WIDTH_MISMATCH_PADDING: Assignment to 'value' of '64-bit' type from 'auto_reset' of '1-bit' type
    at line 192 in E:\dvt_kit_22.1.16_e419_win__64\dvt_eclipse\predefined_projects\libs\uvm-1.2\src\base\uvm_barrier.svh [compile index 43]
*** Warning: WIDTH_MISMATCH_TRUNCATION: Returning 'q.size()' of '32-bit' type for function of '1-bit' return type
    at line 378 in E:\dvt_kit_22.1.16_e419_win__64\dvt_eclipse\predefined_projects\libs\uvm-1.2\src\base\uvm_tr_stream.svh [compile index 39]
*** Warning: WIDTH_MISMATCH_PADDING: Assignment to 'value' of '4096-bit' type from 'm_locked' of '1-bit' type
    at line 169 in E:\dvt_kit_22.1.16_e419_win__64\dvt_eclipse\predefined_projects\libs\uvm-1.2\src\dap\uvm_simple_lock_dap.svh [compile index 68]
*** Warning: WIDTH_MISMATCH_PADDING: Assignment to 'value' of '64-bit' type from 'm_set' of '1-bit' type
    at line 175 in E:\dvt_kit_22.1.16_e419_win__64\dvt_eclipse\predefined_projects\libs\uvm-1.2\src\dap\uvm_set_before_get_dap.svh [compile index 70]
*** Warning: WIDTH_MISMATCH_PADDING: Assignment to 'value' of '64-bit' type from 'v' of '32-bit' type
    at line 876 in E:\dvt_kit_22.1.16_e419_win__64\dvt_eclipse\predefined_projects\libs\uvm-1.2\src\base\uvm_recorder.svh [compile index 40]
*** Warning: WIDTH_MISMATCH_TRUNCATION: Assignment to 'value' of '4096-bit' type from 'uvm_string_to_bits()' of '115200-bit' type
    at line 934 in E:\dvt_kit_22.1.16_e419_win__64\dvt_eclipse\predefined_projects\libs\uvm-1.2\src\base\uvm_recorder.svh [compile index 40]
*** Warning: WIDTH_MISMATCH_PADDING: Assignment to 'value' of '4096-bit' type from 'value' of '1024-bit' type
    at line 1059 in E:\dvt_kit_22.1.16_e419_win__64\dvt_eclipse\predefined_projects\libs\uvm-1.2\src\base\uvm_recorder.svh [compile index 40]
*** Warning: WIDTH_MISMATCH_PADDING: Assignment to 'value' of '4096-bit' type from '_verbosity' of '32-bit' type
    at line 564 in E:\dvt_kit_22.1.16_e419_win__64\dvt_eclipse\predefined_projects\libs\uvm-1.2\src\base\uvm_report_message.svh [compile index 46]
*** Warning: WIDTH_MISMATCH_PADDING: Assignment to 'value' of '4096-bit' type from '_line' of '32-bit' type
    at line 566 in E:\dvt_kit_22.1.16_e419_win__64\dvt_eclipse\predefined_projects\libs\uvm-1.2\src\base\uvm_report_message.svh [compile index 46]
*** Warning: WIDTH_MISMATCH_PADDING: Assignment to 'value' of '4096-bit' type from '_line' of '32-bit' type
    at line 866 in E:\dvt_kit_22.1.16_e419_win__64\dvt_eclipse\predefined_projects\libs\uvm-1.2\src\base\uvm_report_message.svh [compile index 46]
*** Warning: WIDTH_MISMATCH_PADDING: Assignment to 'value' of '64-bit' type from 'num_waiters' of '32-bit' type
    at line 216 in E:\dvt_kit_22.1.16_e419_win__64\dvt_eclipse\predefined_projects\libs\uvm-1.2\src\base\uvm_event.svh [compile index 42]
*** Warning: WIDTH_MISMATCH_PADDING: Assignment to 'value' of '64-bit' type from 'on' of '1-bit' type
    at line 217 in E:\dvt_kit_22.1.16_e419_win__64\dvt_eclipse\predefined_projects\libs\uvm-1.2\src\base\uvm_event.svh [compile index 42]
*** Warning: WIDTH_MISMATCH_TRUNCATION: Returning '$cast()' of '32-bit' type for function of '1-bit' return type
    at line 204 in E:\dvt_kit_22.1.16_e419_win__64\dvt_eclipse\predefined_projects\libs\uvm-1.2\src\base\uvm_callback.svh [compile index 44]
*** Warning: WIDTH_MISMATCH_TRUNCATION: Assignment to 'warned' of '1-bit' type from 'm_cb_find_name()' of '32-bit' type
    at line 253 in E:\dvt_kit_22.1.16_e419_win__64\dvt_eclipse\predefined_projects\libs\uvm-1.2\src\base\uvm_callback.svh [compile index 44]
*** Warning: WIDTH_MISMATCH_TRUNCATION: Returning '$cast()' of '32-bit' type for function of '1-bit' return type
    at line 569 in E:\dvt_kit_22.1.16_e419_win__64\dvt_eclipse\predefined_projects\libs\uvm-1.2\src\base\uvm_callback.svh [compile index 44]
*** Warning: WIDTH_MISMATCH_PADDING: Assignment to 'value' of '4096-bit' type from 'm_max_verbosity_level' of '32-bit' type
    at line 127 in E:\dvt_kit_22.1.16_e419_win__64\dvt_eclipse\predefined_projects\libs\uvm-1.2\src\base\uvm_report_handler.svh [compile index 49]
*** Warning: WIDTH_MISMATCH_PADDING: Assignment to 'value' of '4096-bit' type from 'default_file_handle' of '32-bit' type
    at line 253 in E:\dvt_kit_22.1.16_e419_win__64\dvt_eclipse\predefined_projects\libs\uvm-1.2\src\base\uvm_report_handler.svh [compile index 49]
*** Warning: WIDTH_MISMATCH_PADDING: Assignment to 'value' of '4096-bit' type from 'severity_file_handles[l_severi...' of '32-bit' type
    at line 272 in E:\dvt_kit_22.1.16_e419_win__64\dvt_eclipse\predefined_projects\libs\uvm-1.2\src\base\uvm_report_handler.svh [compile index 49]
*** Warning: WIDTH_MISMATCH_PADDING: Assignment to 'value' of '4096-bit' type from 'accept_time' of '64-bit' type
    at line 621 in E:\dvt_kit_22.1.16_e419_win__64\dvt_eclipse\predefined_projects\libs\uvm-1.2\src\base\uvm_transaction.svh [compile index 51]
*** Warning: WIDTH_MISMATCH_PADDING: Assignment to 'value' of '64-bit' type from 'depth' of '32-bit' type
    at line 452 in E:\dvt_kit_22.1.16_e419_win__64\dvt_eclipse\predefined_projects\libs\uvm-1.2\src\seq\uvm_sequence_item.svh [compile index 99]
*** Warning: WIDTH_MISMATCH_PADDING: Assignment to 'value' of '64-bit' type from 'm_locked' of '1-bit' type
    at line 145 in E:\dvt_kit_22.1.16_e419_win__64\dvt_eclipse\predefined_projects\libs\uvm-1.2\src\dap\uvm_get_to_lock_dap.svh [compile index 69]
*** Warning: WIDTH_MISMATCH_PADDING: Assignment to 'value' of '64-bit' type from 'm_num_last_reqs' of '32-bit' type
    at line 241 in E:\dvt_kit_22.1.16_e419_win__64\dvt_eclipse\predefined_projects\libs\uvm-1.2\src\seq\uvm_sequencer_param_base.svh [compile index 102]
*** Warning: WIDTH_MISMATCH_PADDING: Assignment to 'value' of '64-bit' type from 'm_num_last_rsps' of '32-bit' type
    at line 242 in E:\dvt_kit_22.1.16_e419_win__64\dvt_eclipse\predefined_projects\libs\uvm-1.2\src\seq\uvm_sequencer_param_base.svh [compile index 102]
*** Warning: WIDTH_MISMATCH_PADDING: Assignment to 'value' of '64-bit' type from 'min_random_count' of '32-bit' type
    at line 790 in E:\dvt_kit_22.1.16_e419_win__64\dvt_eclipse\predefined_projects\libs\uvm-1.2\src\seq\uvm_sequence_library.svh [compile index 107]
*** Warning: WIDTH_MISMATCH_PADDING: Assignment to 'value' of '64-bit' type from 'max_random_count' of '32-bit' type
    at line 791 in E:\dvt_kit_22.1.16_e419_win__64\dvt_eclipse\predefined_projects\libs\uvm-1.2\src\seq\uvm_sequence_library.svh [compile index 107]
*** Warning: WIDTH_MISMATCH_PADDING: Assignment to 'value' of '64-bit' type from 'sequence_count' of '32-bit' type
    at line 793 in E:\dvt_kit_22.1.16_e419_win__64\dvt_eclipse\predefined_projects\libs\uvm-1.2\src\seq\uvm_sequence_library.svh [compile index 107]
*** Warning: WIDTH_MISMATCH_PADDING: Assignment to 'value' of '64-bit' type from 'seqs_distrib[typ]' of '32-bit' type
    at line 807 in E:\dvt_kit_22.1.16_e419_win__64\dvt_eclipse\predefined_projects\libs\uvm-1.2\src\seq\uvm_sequence_library.svh [compile index 107]
*** Warning: WIDTH_MISMATCH_TRUNCATION: Assignment to 'scope_separator' of '8-bit' type from 'UVM_DEC' of '32-bit' type
    at line 807 in E:\dvt_kit_22.1.16_e419_win__64\dvt_eclipse\predefined_projects\libs\uvm-1.2\src\seq\uvm_sequence_library.svh [compile index 107]
*** Warning: WIDTH_MISMATCH_PADDING: Assignment to 'lhs' of '64-bit' type from 'l_count' of '32-bit' type
    at line 120 in E:\dvt_kit_22.1.16_e419_win__64\dvt_eclipse\predefined_projects\libs\uvm-1.2\src\seq\uvm_sequence_builtin.svh [compile index 108]
*** Warning: WIDTH_MISMATCH_PADDING: Assignment to 'rhs' of '64-bit' type from 'l_count' of '32-bit' type
    at line 120 in E:\dvt_kit_22.1.16_e419_win__64\dvt_eclipse\predefined_projects\libs\uvm-1.2\src\seq\uvm_sequence_builtin.svh [compile index 108]
*** Warning: WIDTH_MISMATCH_PADDING: Assignment to 'value' of '64-bit' type from 'l_count' of '32-bit' type
    at line 125 in E:\dvt_kit_22.1.16_e419_win__64\dvt_eclipse\predefined_projects\libs\uvm-1.2\src\seq\uvm_sequence_builtin.svh [compile index 108]
*** Warning: WIDTH_MISMATCH_PADDING: Assignment to 'value' of '64-bit' type from 'l_count' of '32-bit' type
    at line 129 in E:\dvt_kit_22.1.16_e419_win__64\dvt_eclipse\predefined_projects\libs\uvm-1.2\src\seq\uvm_sequence_builtin.svh [compile index 108]
*** Warning: WIDTH_MISMATCH_PADDING: Assignment to 'req_kind' of '32-bit' type from 'l_kind' of '10-bit' type
    at line 201 in E:\dvt_kit_22.1.16_e419_win__64\dvt_eclipse\predefined_projects\libs\uvm-1.2\src\seq\uvm_sequence_builtin.svh [compile index 108]
*** Warning: WIDTH_MISMATCH_PADDING: Assignment to 'lhs' of '64-bit' type from 'l_count' of '32-bit' type
    at line 221 in E:\dvt_kit_22.1.16_e419_win__64\dvt_eclipse\predefined_projects\libs\uvm-1.2\src\seq\uvm_sequence_builtin.svh [compile index 108]
*** Warning: WIDTH_MISMATCH_PADDING: Assignment to 'rhs' of '64-bit' type from 'l_count' of '32-bit' type
    at line 221 in E:\dvt_kit_22.1.16_e419_win__64\dvt_eclipse\predefined_projects\libs\uvm-1.2\src\seq\uvm_sequence_builtin.svh [compile index 108]
*** Warning: WIDTH_MISMATCH_PADDING: Assignment to 'value' of '64-bit' type from 'l_count' of '32-bit' type
    at line 226 in E:\dvt_kit_22.1.16_e419_win__64\dvt_eclipse\predefined_projects\libs\uvm-1.2\src\seq\uvm_sequence_builtin.svh [compile index 108]
*** Warning: WIDTH_MISMATCH_PADDING: Assignment to 'value' of '64-bit' type from 'l_count' of '32-bit' type
    at line 230 in E:\dvt_kit_22.1.16_e419_win__64\dvt_eclipse\predefined_projects\libs\uvm-1.2\src\seq\uvm_sequence_builtin.svh [compile index 108]
*** Warning: WIDTH_MISMATCH_PADDING: Assignment to 'value' of '64-bit' type from 'm_streaming_width' of '32-bit' type
    at line 393 in E:\dvt_kit_22.1.16_e419_win__64\dvt_eclipse\predefined_projects\libs\uvm-1.2\src\tlm2\uvm_tlm2_generic_payload.svh [compile index 112]
*** Warning: WIDTH_MISMATCH_TRUNCATION: Assignment to 'm_data[i]' of '8-bit' type from '__var' of '32-bit' type
    at line 549 in E:\dvt_kit_22.1.16_e419_win__64\dvt_eclipse\predefined_projects\libs\uvm-1.2\src\tlm2\uvm_tlm2_generic_payload.svh [compile index 112]
*** Warning: WIDTH_MISMATCH_TRUNCATION: Assignment to 'm_byte_enable[i]' of '8-bit' type from '__var' of '32-bit' type
    at line 555 in E:\dvt_kit_22.1.16_e419_win__64\dvt_eclipse\predefined_projects\libs\uvm-1.2\src\tlm2\uvm_tlm2_generic_payload.svh [compile index 112]
*** Warning: WIDTH_MISMATCH_PADDING: Assignment to 'value' of '4096-bit' type from 'm_address' of '64-bit' type
    at line 567 in E:\dvt_kit_22.1.16_e419_win__64\dvt_eclipse\predefined_projects\libs\uvm-1.2\src\tlm2\uvm_tlm2_generic_payload.svh [compile index 112]
*** Warning: WIDTH_MISMATCH_PADDING: Assignment to 'value' of '4096-bit' type from 'm_length' of '32-bit' type
    at line 569 in E:\dvt_kit_22.1.16_e419_win__64\dvt_eclipse\predefined_projects\libs\uvm-1.2\src\tlm2\uvm_tlm2_generic_payload.svh [compile index 112]
*** Warning: WIDTH_MISMATCH_PADDING: Assignment to 'value' of '64-bit' type from 'm_length' of '32-bit' type
    at line 569 in E:\dvt_kit_22.1.16_e419_win__64\dvt_eclipse\predefined_projects\libs\uvm-1.2\src\tlm2\uvm_tlm2_generic_payload.svh [compile index 112]
*** Warning: WIDTH_MISMATCH_PADDING: Assignment to 'value' of '4096-bit' type from 'm_byte_enable_length' of '32-bit' type
    at line 570 in E:\dvt_kit_22.1.16_e419_win__64\dvt_eclipse\predefined_projects\libs\uvm-1.2\src\tlm2\uvm_tlm2_generic_payload.svh [compile index 112]
*** Warning: WIDTH_MISMATCH_PADDING: Assignment to 'value' of '64-bit' type from 'm_byte_enable_length' of '32-bit' type
    at line 570 in E:\dvt_kit_22.1.16_e419_win__64\dvt_eclipse\predefined_projects\libs\uvm-1.2\src\tlm2\uvm_tlm2_generic_payload.svh [compile index 112]
*** Warning: WIDTH_MISMATCH_PADDING: Assignment to 'value' of '4096-bit' type from 'm_streaming_width' of '32-bit' type
    at line 572 in E:\dvt_kit_22.1.16_e419_win__64\dvt_eclipse\predefined_projects\libs\uvm-1.2\src\tlm2\uvm_tlm2_generic_payload.svh [compile index 112]
*** Warning: WIDTH_MISMATCH_PADDING: Assignment to 'value' of '64-bit' type from 'm_streaming_width' of '32-bit' type
    at line 572 in E:\dvt_kit_22.1.16_e419_win__64\dvt_eclipse\predefined_projects\libs\uvm-1.2\src\tlm2\uvm_tlm2_generic_payload.svh [compile index 112]
*** Warning: WIDTH_MISMATCH_PADDING: Assignment to 'value' of '4096-bit' type from 'm_data[i]' of '8-bit' type
    at line 575 in E:\dvt_kit_22.1.16_e419_win__64\dvt_eclipse\predefined_projects\libs\uvm-1.2\src\tlm2\uvm_tlm2_generic_payload.svh [compile index 112]
*** Warning: WIDTH_MISMATCH_PADDING: Assignment to 'value' of '64-bit' type from 'm_data[i]' of '8-bit' type
    at line 575 in E:\dvt_kit_22.1.16_e419_win__64\dvt_eclipse\predefined_projects\libs\uvm-1.2\src\tlm2\uvm_tlm2_generic_payload.svh [compile index 112]
*** Warning: WIDTH_MISMATCH_PADDING: Assignment to 'value' of '4096-bit' type from 'm_byte_enable[i]' of '8-bit' type
    at line 578 in E:\dvt_kit_22.1.16_e419_win__64\dvt_eclipse\predefined_projects\libs\uvm-1.2\src\tlm2\uvm_tlm2_generic_payload.svh [compile index 112]
*** Warning: WIDTH_MISMATCH_PADDING: Assignment to 'value' of '64-bit' type from 'm_byte_enable[i]' of '8-bit' type
    at line 578 in E:\dvt_kit_22.1.16_e419_win__64\dvt_eclipse\predefined_projects\libs\uvm-1.2\src\tlm2\uvm_tlm2_generic_payload.svh [compile index 112]
*** Warning: WIDTH_MISMATCH_TRUNCATION: Returning 'm_hdl_paths_pool.exists()' of '32-bit' type for function of '1-bit' return type
    at line 1418 in E:\dvt_kit_22.1.16_e419_win__64\dvt_eclipse\predefined_projects\libs\uvm-1.2\src\reg\uvm_reg.svh [compile index 128]
*** Warning: WIDTH_MISMATCH_PADDING: Assignment to 'value' of '1024-bit' type from 'rw.value[0]' of '64-bit' type
    at line 2688 in E:\dvt_kit_22.1.16_e419_win__64\dvt_eclipse\predefined_projects\libs\uvm-1.2\src\reg\uvm_reg.svh [compile index 128]
*** Warning: WIDTH_MISMATCH_PADDING: Assignment to 'value' of '1024-bit' type from 'slice' of '64-bit' type
    at line 2695 in E:\dvt_kit_22.1.16_e419_win__64\dvt_eclipse\predefined_projects\libs\uvm-1.2\src\reg\uvm_reg.svh [compile index 128]
*** Warning: WIDTH_MISMATCH_TRUNCATION: Assignment to 'val' of '64-bit' type from 'value' of '1024-bit' type
    at line 2725 in E:\dvt_kit_22.1.16_e419_win__64\dvt_eclipse\predefined_projects\libs\uvm-1.2\src\reg\uvm_reg.svh [compile index 128]
*** Warning: WIDTH_MISMATCH_TRUNCATION: Assignment to 'slice' of '64-bit' type from 'value' of '1024-bit' type
    at line 2732 in E:\dvt_kit_22.1.16_e419_win__64\dvt_eclipse\predefined_projects\libs\uvm-1.2\src\reg\uvm_reg.svh [compile index 128]
*** Warning: WIDTH_MISMATCH_TRUNCATION: Assignment to 'offset' of '32-bit' type from 'parent_map.get_submap_offset()' of '64-bit' type
    at line 3020 in E:\dvt_kit_22.1.16_e419_win__64\dvt_eclipse\predefined_projects\libs\uvm-1.2\src\reg\uvm_reg.svh [compile index 128]
*** Warning: WIDTH_MISMATCH_TRUNCATION: Assignment to 'offset' of '32-bit' type from 'this_map.get_base_addr()' of '64-bit' type
    at line 3020 in E:\dvt_kit_22.1.16_e419_win__64\dvt_eclipse\predefined_projects\libs\uvm-1.2\src\reg\uvm_reg.svh [compile index 128]
*** Warning: WIDTH_MISMATCH_TRUNCATION: Returning 'hdl_paths_pool.exists()' of '32-bit' type for function of '1-bit' return type
    at line 309 in E:\dvt_kit_22.1.16_e419_win__64\dvt_eclipse\predefined_projects\libs\uvm-1.2\src\reg\uvm_reg_file.svh [compile index 131]
*** Warning: WIDTH_MISMATCH_TRUNCATION: Returning 'size' of '64-bit' type for function of '32-bit' return type
    at line 1099 in E:\dvt_kit_22.1.16_e419_win__64\dvt_eclipse\predefined_projects\libs\uvm-1.2\src\reg\uvm_vreg.svh [compile index 133]
*** Warning: WIDTH_MISMATCH_TRUNCATION: Returning 'hdl_paths_pool.exists()' of '32-bit' type for function of '1-bit' return type
    at line 2006 in E:\dvt_kit_22.1.16_e419_win__64\dvt_eclipse\predefined_projects\libs\uvm-1.2\src\reg\uvm_reg_block.svh [compile index 136]
*** Warning: WIDTH_MISMATCH_TRUNCATION: Returning 'root_hdl_paths.exists()' of '32-bit' type for function of '1-bit' return type
    at line 2123 in E:\dvt_kit_22.1.16_e419_win__64\dvt_eclipse\predefined_projects\libs\uvm-1.2\src\reg\uvm_reg_block.svh [compile index 136]
*** Warning: WIDTH_MISMATCH_TRUNCATION: Assignment to 'slice' of '64-bit' type from 'value' of '1024-bit' type
    at line 2074 in E:\dvt_kit_22.1.16_e419_win__64\dvt_eclipse\predefined_projects\libs\uvm-1.2\src\reg\uvm_mem.svh [compile index 134]
*** Warning: WIDTH_MISMATCH_TRUNCATION: Assignment to 'rw.value[mem_idx]' of '64-bit' type from 'val' of '1024-bit' type
    at line 2085 in E:\dvt_kit_22.1.16_e419_win__64\dvt_eclipse\predefined_projects\libs\uvm-1.2\src\reg\uvm_mem.svh [compile index 134]
*** Warning: WIDTH_MISMATCH_PADDING: Assignment to 'value' of '1024-bit' type from 'rw.value[mem_idx]' of '64-bit' type
    at line 2128 in E:\dvt_kit_22.1.16_e419_win__64\dvt_eclipse\predefined_projects\libs\uvm-1.2\src\reg\uvm_mem.svh [compile index 134]
*** Warning: WIDTH_MISMATCH_PADDING: Assignment to 'value' of '1024-bit' type from 'slice' of '64-bit' type
    at line 2135 in E:\dvt_kit_22.1.16_e419_win__64\dvt_eclipse\predefined_projects\libs\uvm-1.2\src\reg\uvm_mem.svh [compile index 134]
*** Warning: WIDTH_MISMATCH_TRUNCATION: Returning 'm_hdl_paths_pool.exists()' of '32-bit' type for function of '1-bit' return type
    at line 2204 in E:\dvt_kit_22.1.16_e419_win__64\dvt_eclipse\predefined_projects\libs\uvm-1.2\src\reg\uvm_mem.svh [compile index 134]
*** Warning: WIDTH_MISMATCH_TRUNCATION: Assignment to 'offset' of '32-bit' type from 'parent_map.get_submap_offset()' of '64-bit' type
    at line 2325 in E:\dvt_kit_22.1.16_e419_win__64\dvt_eclipse\predefined_projects\libs\uvm-1.2\src\reg\uvm_mem.svh [compile index 134]
*** Warning: WIDTH_MISMATCH_TRUNCATION: Assignment to 'offset' of '32-bit' type from 'this_map.get_base_addr()' of '64-bit' type
    at line 2325 in E:\dvt_kit_22.1.16_e419_win__64\dvt_eclipse\predefined_projects\libs\uvm-1.2\src\reg\uvm_mem.svh [compile index 134]
*** Warning: WIDTH_MISMATCH_PADDING: Assignment to 'value' of '64-bit' type from 'get_n_bits()' of '32-bit' type
    at line 2353 in E:\dvt_kit_22.1.16_e419_win__64\dvt_eclipse\predefined_projects\libs\uvm-1.2\src\reg\uvm_mem.svh [compile index 134]
*** Warning: WIDTH_MISMATCH_PADDING: Assignment to 'data' of '64-bit' type from 'curr_byte' of '32-bit' type
    at line 2045 in E:\dvt_kit_22.1.16_e419_win__64\dvt_eclipse\predefined_projects\libs\uvm-1.2\src\reg\uvm_reg_map.svh [compile index 135]
*** Warning: WIDTH_MISMATCH_TRUNCATION: Assignment to 'curr_byte_' of '32-bit' type from 'data' of '64-bit' type
    at line 2066 in E:\dvt_kit_22.1.16_e419_win__64\dvt_eclipse\predefined_projects\libs\uvm-1.2\src\reg\uvm_reg_map.svh [compile index 135]
*** Warning: WIDTH_MISMATCH_TRUNCATION: Assignment to 'idx' of '32-bit' type from 'm_idx.get()' of '64-bit' type
    at line 125 in E:\dvt_kit_22.1.16_e419_win__64\dvt_eclipse\predefined_projects\libs\uvm-1.2\src\reg\uvm_reg_indirect.svh [compile index 129]
*** Warning: WIDTH_MISMATCH_TRUNCATION: Assignment to 'idx' of '32-bit' type from 'm_idx.get_mirrored_value()' of '64-bit' type
    at line 156 in E:\dvt_kit_22.1.16_e419_win__64\dvt_eclipse\predefined_projects\libs\uvm-1.2\src\reg\uvm_reg_indirect.svh [compile index 129]
*** Warning: WIDTH_MISMATCH_PADDING: Assignment to 'rw.value[0]' of '64-bit' type from 'm_idx' of '32-bit' type
    at line 303 in E:\dvt_kit_22.1.16_e419_win__64\dvt_eclipse\predefined_projects\libs\uvm-1.2\src\reg\uvm_reg_indirect.svh [compile index 129]
*** Warning: WIDTH_MISMATCH_TRUNCATION: Assignment to 'rw.byte_en[i]' of '1-bit' type from 'gp.m_byte_enable[i]' of '8-bit' type
    at line 241 in E:\dvt_kit_22.1.16_e419_win__64\dvt_eclipse\predefined_projects\libs\uvm-1.2\src\reg\uvm_reg_adapter.svh [compile index 121]
*** Warning: WIDTH_MISMATCH_PADDING: Assignment to 'byte_en' of '64-bit' type from 'byte_en' of '8-bit' type
    at line 207 in E:\dvt_kit_22.1.16_e419_win__64\dvt_eclipse\predefined_projects\libs\uvm-1.2\src\reg\uvm_reg_predictor.svh [compile index 122]
*** Warning: WIDTH_MISMATCH_PADDING: Assignment to 'reset' of '64-bit' type from '32'h0' of '32-bit' type
    at line 79 in E:\dvt_kit_22.1.16_e419_win__64\dvt_eclipse\predefined_projects\libs\uvm-1.2\src\reg\uvm_reg_fifo.svh [compile index 130]
*** Warning: WIDTH_MISMATCH_TRUNCATION: Assignment to 'dc_mask[next_lsb]' of '1-bit' type from 'dc' of '32-bit' type
    at line 120 in E:\dvt_kit_22.1.16_e419_win__64\dvt_eclipse\predefined_projects\libs\uvm-1.2\src\reg\sequences\uvm_reg_bit_bash_seq.svh [compile index 138]
*** Warning: WIDTH_MISMATCH_PADDING: Assignment to 'offset' of '64-bit' type from 'k' of '32-bit' type
    at line 127 in E:\dvt_kit_22.1.16_e419_win__64\dvt_eclipse\predefined_projects\libs\uvm-1.2\src\reg\sequences\uvm_mem_walk_seq.svh [compile index 139]
*** Warning: WIDTH_MISMATCH_PADDING: Assignment to 'offset' of '64-bit' type from 'k' of '32-bit' type
    at line 157 in E:\dvt_kit_22.1.16_e419_win__64\dvt_eclipse\predefined_projects\libs\uvm-1.2\src\reg\sequences\uvm_mem_walk_seq.svh [compile index 139]
*** Warning: WIDTH_MISMATCH_PADDING: Assignment to 'offset' of '64-bit' type from 'k' of '32-bit' type
    at line 116 in E:\dvt_kit_22.1.16_e419_win__64\dvt_eclipse\predefined_projects\libs\uvm-1.2\src\reg\sequences\uvm_mem_access_seq.svh [compile index 140]
*** Warning: WIDTH_MISMATCH_PADDING: Assignment to 'offset' of '64-bit' type from 'k' of '32-bit' type
    at line 124 in E:\dvt_kit_22.1.16_e419_win__64\dvt_eclipse\predefined_projects\libs\uvm-1.2\src\reg\sequences\uvm_mem_access_seq.svh [compile index 140]
*** Warning: WIDTH_MISMATCH_PADDING: Assignment to 'offset' of '64-bit' type from 'k' of '32-bit' type
    at line 132 in E:\dvt_kit_22.1.16_e419_win__64\dvt_eclipse\predefined_projects\libs\uvm-1.2\src\reg\sequences\uvm_mem_access_seq.svh [compile index 140]
*** Warning: WIDTH_MISMATCH_PADDING: Assignment to 'offset' of '64-bit' type from 'k' of '32-bit' type
    at line 145 in E:\dvt_kit_22.1.16_e419_win__64\dvt_eclipse\predefined_projects\libs\uvm-1.2\src\reg\sequences\uvm_mem_access_seq.svh [compile index 140]
*** Warning: WIDTH_MISMATCH_PADDING: Assignment to 'offset' of '64-bit' type from 'k' of '32-bit' type
    at line 151 in E:\dvt_kit_22.1.16_e419_win__64\dvt_eclipse\predefined_projects\libs\uvm-1.2\src\reg\sequences\uvm_mem_access_seq.svh [compile index 140]
*** Warning: WIDTH_MISMATCH_PADDING: Assignment to 'offset' of '64-bit' type from 'offset' of '32-bit' type
    at line 274 in E:\dvt_kit_22.1.16_e419_win__64\dvt_eclipse\predefined_projects\libs\uvm-1.2\src\reg\sequences\uvm_reg_mem_shared_access_seq.svh [compile index 142]
*** Warning: WIDTH_MISMATCH_PADDING: Assignment to 'offset' of '64-bit' type from 'offset' of '32-bit' type
    at line 281 in E:\dvt_kit_22.1.16_e419_win__64\dvt_eclipse\predefined_projects\libs\uvm-1.2\src\reg\sequences\uvm_reg_mem_shared_access_seq.svh [compile index 142]
*** Warning: WIDTH_MISMATCH_PADDING: Assignment to 'offset' of '64-bit' type from 'offset' of '32-bit' type
    at line 293 in E:\dvt_kit_22.1.16_e419_win__64\dvt_eclipse\predefined_projects\libs\uvm-1.2\src\reg\sequences\uvm_reg_mem_shared_access_seq.svh [compile index 142]
*** Warning: WIDTH_MISMATCH_PADDING: Assignment to 'offset' of '64-bit' type from 'offset' of '32-bit' type
    at line 303 in E:\dvt_kit_22.1.16_e419_win__64\dvt_eclipse\predefined_projects\libs\uvm-1.2\src\reg\sequences\uvm_reg_mem_shared_access_seq.svh [compile index 142]
*** Warning: WIDTH_MISMATCH_TRUNCATION: Assignment to 'd' of '64-bit' type from 'value' of '1024-bit' type
    at line 138 in E:\dvt_kit_22.1.16_e419_win__64\dvt_eclipse\predefined_projects\libs\uvm-1.2\src\reg\sequences\uvm_reg_mem_hdl_paths_seq.svh [compile index 144]
*** Warning: SIGNAL_NOT_RESET: Signal 'ALU_Result' is not reset
    at line 19 in C:\Users\grigori\Oleg\alu_uvm\src\tb\dut\alu8bit.v [compile index 159]
*** Done mixed mode extension build [953 ms] ***
*** Start adding/validating the DVT Auto-Linked resources ***
*** Done adding/validating the DVT Auto-Linked resources [2 ms] ***
*** Total build time [1s.558ms] ***
